1014
801 108 56
793 175 96
628 258 365
456 135 113
443 244 369
519 395 390
211 168 205
355 224 8
48 352 304
309 282 138
474 261 230
695 237 314
603 42 358
325 116 56
82 178 227
244 372 269
93 6 102
696 36 224
129 108 75
194 91 126
928 194 46
195 395 393
345 285 272
299 371 262
6 342 54
1004 103 112
758 246 350
139 2 109
19 266 394
754 346 31
735 349 316
413 283 131
60 204 156
876 167 217
712 386 387
872 346 323
658 9 306
777 258 376
136 162 91
949 356 32
283 212 103
41 295 293
331 264 236
304 187 311
678 155 388
829 185 86
143 213 284
441 90 52
23 156 135
535 120 108
412 166 13
138 291 69
813 108 154
383 75 168
890 26 236
357 82 304
50 176 84
470 121 348
268 351 153
810 208 202
973 323 76
689 52 88
431 49 215
368 20 323
704 68 362
941 63 286
505 132 109
354 123 266
978 257 126
789 351 355
77 48 348
765 209 208
58 256 82
969 134 292
408 15 45
596 44 14
909 310 23
853 294 163
933 264 85
365 176 67
451 71 31
191 387 114
688 181 147
791 217 107
471 174 137
487 168 22
4 387 124
290 147 255
422 291 291
848 13 314
125 394 1
572 112 71
1006 53 154
864 46 315
666 206 43
561 310 112
447 291 167
342 341 33
726 65 206
350 329 352
433 224 153
310 273 86
616 210 386
573 353 284
592 54 24
380 86 128
674 16 334
792 273 21
47 284 124
271 317 377
400 74 309
241 28 197
629 1 195
439 53 93
391 4 229
869 123 341
220 89 215
630 213 5
192 173 366
326 302 177
752 368 274
302 168 315
954 270 118
159 222 310
694 70 76
867 67 173
955 53 152
528 143 71
189 62 265
164 370 77
896 187 385
539 265 132
429 271 245
514 312 117
86 234 146
295 135 174
716 368 301
13 328 333
593 198 332
501 257 244
381 232 117
799 134 88
669 215 146
90 327 371
475 71 286
69 242 123
868 233 3
379 168 201
432 391 327
320 75 369
926 303 341
680 35 395
632 223 218
834 230 54
486 225 82
284 77 51
339 7 274
71 298 149
79 266 170
807 399 36
917 195 373
846 343 74
445 309 244
529 109 164
12 264 362
26 364 273
40 74 146
362 193 275
344 210 202
130 134 285
818 333 10
668 211 29
667 89 2
717 28 157
513 105 255
975 383 292
708 22 95
131 306 109
24 52 337
382 331 100
182 329 273
64 327 87
52 191 333
947 333 227
335 234 113
168 229 165
843 168 293
204 216 152
548 374 34
556 143 390
607 355 234
652 224 290
94 146 365
871 81 245
208 3 362
859 205 76
698 169 6
229 105 29
873 114 45
907 107 390
578 125 102
774 343 23
649 217 93
929 396 35
741 246 110
983 215 250
46 22 27
230 307 153
266 393 9
181 14 75
480 13 329
772 80 318
536 214 374
559 57 135
322 330 103
661 126 313
957 104 350
1002 178 290
488 364 335
497 250 368
692 131 364
923 165 226
924 15 121
714 110 186
602 372 224
469 333 185
18 1 349
557 85 215
305 358 52
428 135 154
707 132 351
491 68 67
809 106 361
410 256 230
805 29 335
449 50 161
257 189 24
581 330 383
738 367 108
699 275 71
190 142 46
739 245 322
2 274 248
455 198 383
584 311 154
546 155 195
764 349 213
886 245 132
8 344 84
910 30 71
463 83 312
898 313 287
11 269 25
1010 63 16
583 12 29
744 287 361
446 288 3
888 164 290
296 182 152
38 162 72
223 15 128
806 197 75
360 332 252
406 105 202
83 282 145
301 75 219
838 366 226
877 172 202
329 274 49
81 324 236
358 13 214
811 230 63
986 129 193
158 170 134
171 164 21
453 108 85
857 287 284
625 191 29
209 67 267
370 286 310
914 174 255
317 366 197
710 258 328
748 231 169
328 195 231
278 90 101
397 262 326
671 195 387
563 158 266
462 289 381
897 292 202
146 27 53
121 316 127
534 26 274
399 349 3
967 57 113
882 350 393
91 12 108
974 210 178
921 147 362
387 292 326
66 65 6
976 88 332
769 183 324
817 46 84
800 273 16
148 311 210
802 376 17
552 367 396
842 291 276
512 106 0
524 225 394
127 7 153
784 184 64
981 356 121
54 314 4
273 29 222
7 386 143
757 3 360
936 114 289
697 25 204
847 4 217
92 239 68
245 206 67
141 276 109
821 324 331
308 304 199
318 164 393
530 391 342
402 193 351
785 242 323
101 376 69
95 110 228
722 254 144
911 105 314
53 189 290
831 18 195
701 191 229
120 123 304
731 28 314
564 393 85
851 31 30
972 45 124
375 3 346
679 166 142
349 34 198
874 168 311
750 232 102
647 202 227
858 2 15
425 149 4
285 389 324
711 368 147
903 353 390
252 148 144
411 67 14
644 249 285
582 167 229
75 141 365
415 114 155
255 97 178
1008 308 353
70 376 389
608 367 270
1005 241 47
258 253 229
753 220 131
132 187 370
237 134 84
458 65 366
303 375 176
540 92 26
825 45 398
854 43 64
944 49 166
376 0 367
478 212 128
622 153 302
721 261 88
351 210 100
343 31 215
822 226 78
307 254 129
542 235 183
790 273 104
126 162 48
579 71 213
621 338 188
918 85 83
63 158 244
527 197 257
356 116 183
966 123 256
998 390 286
207 173 332
588 35 145
293 374 73
249 84 47
175 306 91
676 46 326
173 124 295
849 129 28
751 285 349
916 317 384
508 185 135
298 172 142
336 370 313
468 395 171
369 156 232
835 198 174
724 83 395
390 193 140
363 275 364
483 371 81
374 242 255
878 249 95
720 148 156
461 247 285
165 74 241
650 96 318
300 93 75
103 55 30
347 206 200
106 176 207
706 152 383
520 353 32
359 312 350
946 202 314
544 17 306
442 349 362
291 361 345
150 383 367
795 77 233
464 376 294
17 354 94
1013 228 132
218 162 103
657 199 365
747 215 170
319 244 264
161 390 49
21 125 124
895 374 190
771 351 118
479 148 327
715 335 182
925 237 269
373 184 253
550 295 211
953 50 89
740 167 336
28 55 230
541 202 273
935 365 71
198 142 269
515 50 110
840 341 174
994 296 133
25 103 3
963 348 289
334 5 293
905 315 390
938 68 263
421 369 33
5 253 311
155 229 249
623 85 106
845 136 330
424 354 185
465 275 145
324 223 302
435 37 175
824 253 193
570 212 368
690 272 363
893 370 89
939 162 183
197 317 185
725 336 327
990 194 117
215 330 349
682 309 368
332 16 243
855 353 304
44 356 158
700 214 211
196 149 391
264 262 309
430 381 314
183 97 121
775 357 368
274 224 223
850 370 349
619 386 10
492 283 256
733 110 363
254 127 237
409 189 188
1011 365 1
214 192 216
549 392 395
3 292 108
122 0 344
932 25 191
631 351 43
597 106 212
472 277 222
145 272 138
1009 269 381
996 173 233
248 31 303
883 369 277
589 82 221
33 131 309
482 394 206
836 131 63
670 358 356
427 202 395
262 88 171
585 148 47
156 12 288
532 325 141
414 366 245
875 32 55
985 280 239
642 219 17
467 294 7
200 250 184
899 11 370
420 312 63
545 377 370
137 169 182
574 74 15
518 38 142
734 305 377
102 309 274
59 208 149
96 294 303
419 178 61
687 341 150
681 153 292
879 269 319
987 72 322
134 387 78
166 144 186
270 280 149
922 81 135
755 190 148
68 67 179
416 223 348
595 256 50
576 223 224
1007 216 113
533 75 109
627 253 216
523 172 21
727 395 271
852 184 47
281 170 90
591 167 128
537 268 184
444 103 173
942 295 27
705 109 374
553 282 251
22 326 259
162 134 22
30 133 243
394 17 352
803 127 49
246 365 261
109 172 228
118 30 346
902 198 88
598 226 175
149 197 178
315 134 312
880 262 341
116 304 28
34 50 1
767 139 79
234 127 105
476 150 305
16 150 168
565 99 171
348 247 35
773 113 197
558 61 245
940 208 191
154 188 24
250 155 51
919 374 315
506 156 342
862 33 231
516 14 146
931 213 293
157 209 244
703 390 350
1012 284 236
232 204 15
968 185 367
313 369 192
691 256 344
912 76 352
151 173 186
730 368 133
185 123 173
920 105 125
798 48 33
338 9 386
551 77 47
580 73 232
395 387 254
531 96 5
438 76 25
828 385 31
502 103 336
163 287 186
457 270 311
436 253 296
759 61 335
115 98 128
999 247 83
904 290 156
108 121 208
485 244 71
228 264 210
117 222 397
648 247 374
39 155 142
178 385 138
316 165 32
213 256 143
396 45 270
489 352 105
656 212 262
9 141 213
948 311 177
891 92 254
1003 307 123
51 170 88
404 292 45
600 323 284
29 144 275
844 329 243
128 137 256
685 84 272
970 146 235
820 155 97
768 14 342
226 127 18
677 112 102
1000 351 167
640 181 177
562 6 183
259 371 383
815 101 290
952 228 209
778 356 334
737 13 168
172 335 20
78 131 71
937 189 260
384 130 105
289 85 165
261 216 193
992 119 67
839 388 234
781 330 215
885 249 235
870 262 284
216 264 156
481 351 364
418 27 295
770 371 190
814 106 147
174 69 351
473 174 165
991 62 370
620 95 291
729 344 387
510 116 224
110 72 133
865 76 57
606 289 175
205 207 229
247 74 323
571 287 146
321 225 65
945 250 172
160 126 213
385 381 392
613 324 147
927 91 89
826 244 156
684 43 263
74 23 252
611 273 129
45 302 48
80 257 326
686 344 128
388 363 5
251 263 374
169 311 303
962 156 122
87 87 30
392 131 16
594 43 392
386 351 172
641 317 324
908 78 169
894 113 294
749 347 337
113 236 209
554 330 30
99 292 13
72 43 364
36 5 315
982 350 144
762 292 28
995 116 63
989 336 55
683 209 304
170 395 226
279 184 237
280 376 275
609 26 15
517 290 83
459 154 23
522 368 183
184 167 79
709 234 367
760 191 302
856 241 57
663 52 53
0 31 366
124 365 55
366 66 326
265 47 286
352 315 231
67 317 11
224 70 182
297 293 147
610 274 270
231 243 165
340 390 394
702 30 125
495 69 270
718 252 213
881 33 165
206 109 4
951 196 68
626 349 11
466 154 351
210 288 389
494 221 47
454 103 48
236 51 223
743 37 109
221 374 68
913 322 387
256 8 67
107 12 115
634 366 208
615 206 25
509 327 117
569 14 158
225 384 345
713 346 205
605 173 112
645 15 204
538 206 132
477 355 166
958 135 271
841 332 73
240 118 283
73 255 137
732 229 99
525 211 308
10 325 43
286 261 333
364 174 285
1001 24 84
55 134 383
144 165 79
590 334 128
673 185 203
984 252 44
672 284 75
587 157 201
98 203 347
105 70 327
62 141 253
153 303 12
267 77 189
104 85 301
378 328 366
819 276 388
934 392 384
212 382 143
49 185 389
235 225 146
889 55 16
217 166 379
901 206 336
393 355 72
1 91 130
88 18 10
37 362 291
372 127 112
728 206 92
437 112 389
193 344 372
490 324 250
965 224 40
277 22 153
979 11 252
971 322 207
639 395 262
243 129 222
341 334 117
180 304 186
961 385 349
20 381 324
403 396 244
577 299 219
560 202 132
114 329 65
823 158 281
100 64 392
787 85 204
756 226 97
97 311 363
693 214 310
333 224 67
423 148 376
371 74 250
547 330 142
887 196 267
179 377 365
780 390 97
643 387 302
654 322 304
199 137 45
604 52 273
659 173 70
746 326 227
915 233 21
498 173 42
719 154 206
448 153 105
203 304 55
832 155 241
675 41 189
993 276 88
112 368 157
504 95 387
637 90 9
337 64 170
89 297 240
575 84 369
892 3 87
119 273 343
997 208 281
964 217 43
76 237 8
405 160 378
660 313 116
346 285 304
167 156 76
830 58 342
272 371 291
782 78 269
665 89 321
988 20 27
152 376 28
239 232 45
507 339 205
812 293 138
796 71 95
123 306 196
493 23 11
426 397 113
32 102 121
779 44 22
651 387 357
827 133 126
188 285 216
555 115 274
816 284 195
499 270 62
884 23 68
222 185 16
543 164 346
260 344 189
662 170 149
276 3 134
263 265 8
452 238 72
330 111 318
511 186 108
863 143 228
417 326 321
85 188 98
736 90 192
950 195 232
42 234 389
960 229 264
638 74 71
407 314 20
766 247 4
434 143 16
599 94 245
61 241 285
147 3 148
111 375 125
980 53 210
401 236 288
253 231 317
201 262 214
612 211 48
633 6 166
282 238 15
788 163 180
135 179 372
956 289 334
783 43 342
566 392 375
786 310 384
176 74 277
288 309 327
311 273 178
745 23 36
808 331 210
521 69 370
327 344 351
794 127 395
238 97 340
287 264 150
242 374 235
65 41 384
943 54 162
617 185 337
567 264 48
314 11 228
377 115 116
655 373 106
601 373 251
219 134 295
833 330 128
635 315 296
186 212 84
804 68 45
312 87 122
500 81 94
306 17 270
776 199 230
15 355 146
294 237 395
653 301 31
646 75 136
292 202 118
460 131 375
526 54 47
177 56 124
233 364 14
353 222 141
31 349 72
484 63 306
503 124 95
140 193 317
761 397 72
269 357 43
496 249 259
837 213 56
27 54 313
861 386 298
398 164 374
723 331 165
389 307 384
742 275 276
227 24 385
906 275 164
84 68 164
586 334 215
56 294 268
930 370 323
797 315 203
440 221 32
624 184 355
664 93 234
142 87 343
866 47 335
14 325 378
450 154 377
133 306 10
361 157 258
900 180 171
568 100 1
187 122 331
860 174 272
275 133 57
959 117 187
636 227 234
43 11 381
57 270 223
202 118 340
367 19 363
323 246 101
763 50 228
35 311 72
977 9 31
614 202 207
618 9 51
