1122
103 1097 640
106 563 503
349 485 931
108 139 423
535 1096 620
368 555 376
669 560 381
1038 497 945
70 548 488
604 263 1004
736 1096 933
918 158 422
781 863 368
1103 570 485
1069 560 396
455 561 483
1072 70 42
163 688 457
799 903 897
987 1121 644
1079 499 933
365 1117 616
327 140 438
235 1113 935
975 589 920
384 567 487
277 694 457
28 585 1044
1027 76 38
171 438 868
151 1114 639
388 8 973
224 598 247
46 863 351
871 787 1086
467 417 866
1061 403 588
429 706 456
802 567 401
444 242 1003
281 790 1058
985 587 944
72 1098 1088
419 157 437
548 226 222
674 1099 1111
7 27 960
82 335 281
653 107 927
221 150 423
109 589 949
357 620 249
458 74 60
558 689 468
637 568 496
963 786 1070
706 859 555
35 887 895
1036 922 23
67 77 416
765 266 988
691 584 918
547 933 26
203 569 377
289 604 920
68 548 506
117 381 593
1097 697 688
649 240 987
582 1101 1092
423 382 294
292 805 20
603 156 1029
264 493 407
854 708 461
418 92 401
387 595 928
190 1069 95
900 261 992
907 133 946
386 32 940
570 496 381
270 379 585
1087 160 441
275 792 1081
636 161 1035
340 518 385
715 0 941
833 158 441
848 129 327
725 1116 624
283 573 384
948 3 943
97 929 16
343 395 583
698 188 148
318 177 1034
974 118 319
947 796 567
950 1094 941
949 1131 1092
966 762 353
782 1031 1068
85 1038 824
1104 76 400
543 728 702
361 853 362
469 380 299
841 108 946
702 308 278
69 392 297
254 566 1136
335 925 20
628 155 435
914 595 269
1070 79 45
681 376 590
177 433 874
1120 682 1044
378 314 282
865 95 39
818 484 944
1094 124 296
955 929 9
170 1099 858
307 412 890
693 793 1177
84 545 500
14 1 970
880 860 1041
665 492 389
195 82 137
94 707 710
989 388 587
823 700 1047
389 558 1138
940 1109 1113
490 268 1172
1078 127 323
363 966 222
360 51 163
169 870 1038
588 501 296
1029 800 553
1050 787 183
1065 902 912
370 223 208
215 3 963
968 1093 633
47 1044 1181
15 148 571
463 616 927
780 1041 1176
1060 120 317
523 555 402
513 1117 960
421 1079 84
899 181 154
596 569 509
514 1107 619
86 102 950
409 129 924
881 557 484
1089 26 944
599 339 320
755 499 397
911 1041 92
960 311 313
196 782 1057
402 567 1169
451 1036 810
926 813 1058
503 595 260
961 963 975
425 1177 503
1051 337 293
0 43 138
743 250 1173
896 791 562
445 402 605
607 222 226
75 1078 98
253 67 816
557 791 1179
903 1136 286
111 582 380
473 576 399
728 786 225
515 226 207
748 39 829
773 1074 86
991 807 1058
951 822 19
936 1004 1178
800 766 332
250 327 1114
437 709 1036
598 1032 1056
286 70 47
727 596 1039
44 767 560
497 84 155
40 734 683
654 241 992
619 1003 960
220 436 891
984 324 287
296 258 981
102 602 943
584 1177 348
449 865 1027
585 1043 1141
364 763 347
537 901 1047
12 973 212
58 712 1041
1054 565 1130
539 160 147
573 801 1131
375 963 260
1057 1091 956
1074 86 60
1116 546 1133
288 339 915
640 491 299
924 709 482
912 315 890
925 1038 1146
946 770 355
908 283 1110
324 389 264
839 253 1004
776 693 705
645 377 609
927 94 419
708 602 266
238 113 294
572 621 268
62 1048 824
861 245 204
27 153 1050
372 1001 1177
191 336 315
840 689 460
210 690 480
740 1090 881
810 145 434
309 1024 1069
703 791 1132
803 44 166
789 1170 343
767 385 268
356 149 583
200 241 214
957 1109 259
32 784 1062
204 17 942
54 1008 1179
687 827 1178
657 719 709
494 955 984
568 88 402
1016 846 349
635 232 211
420 333 1062
428 974 980
240 827 1136
471 1136 260
269 395 597
508 594 1045
125 1119 947
1035 690 1037
1014 29 692
48 423 286
152 265 1164
22 119 920
682 1088 851
859 794 220
849 1178 491
176 978 261
95 829 182
747 1134 278
492 568 1130
741 810 1077
522 957 20
1052 1115 876
670 246 995
663 480 254
1064 943 16
51 1051 809
851 1077 75
267 898 1024
1 568 1143
135 556 392
853 22 696
280 552 495
777 335 1105
76 985 617
30 795 554
988 74 162
251 983 622
132 327 314
460 508 301
236 1133 1117
852 57 159
836 565 1153
754 38 865
156 1079 54
589 505 284
333 381 283
239 377 618
717 65 817
60 957 841
813 557 388
130 494 1040
1059 130 946
701 34 821
385 114 714
456 582 812
758 569 1152
811 1164 1060
895 1174 357
965 1006 972
367 733 710
332 1114 280
602 64 835
39 822 185
980 241 1167
341 141 951
1100 1112 1090
81 845 364
310 587 803
730 1185 717
205 862 1011
141 846 559
282 1030 1061
1030 26 744
1034 231 100
248 385 282
328 1173 388
962 453 1029
1110 801 180
1080 112 722
575 683 29
110 1163 1030
186 934 615
660 414 878
410 894 1039
745 765 345
905 88 419
892 97 47
1107 152 1029
290 957 978
655 525 1171
744 457 1082
824 289 1069
952 1082 57
531 677 183
234 551 1169
756 536 1135
561 972 146
986 167 146
967 1101 928
998 178 281
845 957 966
529 956 214
882 315 913
564 108 42
680 228 86
672 532 1166
826 142 924
1114 1008 843
618 1039 1167
888 985 628
172 813 227
87 796 585
96 1007 978
611 934 616
794 1181 766
1058 796 1141
832 1129 1114
897 463 1083
29 1161 1077
64 681 1011
211 0 975
185 608 243
34 1101 631
774 162 280
158 46 155
123 425 266
1022 786 500
921 400 622
247 806 30
867 705 480
768 665 149
650 699 1012
382 708 4
919 583 830
150 1173 1074
304 792 1163
856 691 471
45 1067 58
100 308 302
920 251 1162
1109 1030 1167
648 798 561
942 425 300
164 107 315
616 484 292
956 109 758
877 22 707
440 799 493
183 777 555
219 327 1078
147 1118 954
291 978 656
443 594 831
507 563 1130
140 19 971
1021 1128 866
124 970 618
796 94 297
870 924 153
785 418 287
400 995 230
383 459 1077
997 997 970
742 532 1169
198 580 1056
366 392 260
1010 956 258
17 566 1159
476 425 890
580 782 217
801 240 1181
772 80 46
496 87 146
120 1117 260
454 1095 873
1081 5 688
181 1140 771
729 29 946
923 1139 717
1007 337 885
634 60 822
90 281 1097
527 190 174
752 1098 1101
143 852 349
835 588 938
155 1080 93
996 570 1138
278 159 1038
837 418 263
632 789 212
658 297 627
314 1177 771
898 1007 1149
633 998 839
1019 125 289
165 1024 1057
1002 711 1049
380 973 795
1091 48 126
483 1169 719
474 892 899
1032 734 695
465 331 904
450 307 283
559 1017 1065
891 769 587
77 312 1114
825 967 107
982 503 256
822 796 193
1106 180 157
711 859 1047
805 233 1163
1009 839 1172
506 91 325
262 144 730
821 1186 502
1084 306 280
237 849 501
869 386 592
486 785 331
302 525 404
475 833 1147
935 789 1091
217 117 932
549 948 618
578 968 838
601 13 738
1056 787 352
938 399 424
326 159 161
846 479 300
9 94 414
893 1108 283
876 306 282
315 178 266
526 689 669
546 835 491
424 566 391
413 682 40
879 800 1064
166 176 279
762 1179 466
433 1178 1035
928 560 1151
502 786 555
571 307 292
26 50 143
331 699 675
59 1116 890
978 499 1029
279 801 1144
396 157 177
553 249 1002
1063 1045 80
718 380 425
66 767 589
554 332 321
246 162 265
1075 923 107
806 519 401
820 1011 1164
540 594 795
656 12 692
19 996 259
1037 63 868
885 302 1067
415 958 954
623 689 682
566 483 1030
828 683 0
910 730 673
162 54 131
104 1041 59
1045 1042 808
1033 335 303
322 299 1108
858 334 923
398 471 1028
536 825 862
945 682 1
311 697 1029
79 789 334
646 788 433
510 618 950
857 91 126
188 605 257
977 880 904
1102 823 217
775 81 74
700 685 12
303 566 496
362 941 639
719 1170 1065
308 519 285
342 824 1064
268 867 362
757 492 1084
779 310 317
639 294 885
724 86 130
683 582 398
972 25 831
563 1105 645
1031 62 559
819 1037 819
416 857 547
592 726 687
620 503 947
784 63 626
133 887 1045
872 871 1042
493 298 913
468 618 603
797 324 113
1096 482 283
542 421 433
394 131 739
339 49 818
11 160 179
427 998 797
759 331 1092
816 228 63
532 785 453
1113 896 1007
80 1167 346
453 20 244
569 783 425
213 299 662
933 231 21
101 471 480
844 390 616
678 313 52
675 58 151
478 504 382
538 165 176
173 421 432
953 697 41
694 280 1080
337 974 962
379 376 434
544 1061 86
863 899 920
778 925 119
624 587 776
834 798 859
979 868 347
901 1176 480
119 1188 341
187 243 618
1066 826 831
16 554 1173
576 515 294
995 634 150
873 957 622
600 807 181
121 793 435
276 771 569
915 311 297
91 969 945
393 723 17
860 1121 961
875 378 414
732 796 818
560 924 29
222 952 845
138 687 145
878 320 1058
56 850 351
944 943 625
1053 1195 771
917 938 660
533 60 854
817 551 1145
615 110 707
941 1108 255
306 797 449
391 1100 959
178 143 87
712 1119 1103
922 955 830
753 653 184
23 465 528
462 639 788
466 957 231
209 489 929
581 701 698
808 803 1174
439 25 688
122 1178 358
417 301 615
1043 1140 726
43 1158 769
545 1034 1146
78 560 404
764 85 166
179 269 1161
733 180 1049
890 809 844
399 631 546
297 1113 266
667 139 582
1047 719 1038
294 629 826
426 1001 983
505 320 1106
432 870 1012
194 383 255
791 1000 1152
407 72 830
664 1101 942
913 965 149
258 615 947
249 738 1124
351 548 1170
447 513 259
485 434 1075
787 147 88
1071 1168 1081
381 836 424
8 1138 165
233 866 371
71 1144 761
731 964 830
593 366 419
197 1138 109
4 1009 832
696 87 54
686 707 31
127 235 73
10 923 26
6 800 193
442 131 716
313 994 805
180 120 933
530 800 215
452 621 579
271 968 247
750 279 677
541 1136 182
376 793 810
350 668 1128
643 728 1128
245 148 756
737 458 1041
316 38 847
916 605 920
884 64 545
404 1009 943
272 702 584
265 867 360
1073 291 1067
42 696 562
299 771 832
344 500 394
651 351 88
113 958 994
684 815 1063
707 332 878
128 926 27
688 763 590
1046 929 105
504 588 822
348 256 1162
243 820 1072
647 469 259
1006 494 1022
904 20 707
690 1185 757
771 1148 716
160 490 1071
638 285 629
677 281 660
1108 1006 1140
1048 398 427
57 53 864
662 232 1178
1003 712 472
115 427 862
334 42 552
721 47 245
518 140 586
735 674 1049
52 261 1179
49 295 757
583 997 947
868 36 846
519 345 902
112 968 991
207 973 633
520 937 157
812 412 53
746 1095 892
610 111 955
550 523 198
709 798 571
1024 450 156
477 459 47
345 776 586
63 828 1161
182 1027 1061
722 229 43
517 1123 619
788 1092 628
330 1003 824
2 1183 732
969 1151 188
319 322 309
105 489 1035
459 958 5
1055 620 261
371 966 121
301 104 745
516 821 31
228 91 316
699 1141 289
202 460 480
929 858 488
74 352 56
605 69 1089
403 1131 263
1017 234 14
671 1090 854
831 219 760
377 124 301
431 592 1056
1092 179 175
317 438 1042
411 28 721
274 1117 287
751 1180 757
1004 466 302
263 319 47
710 507 295
697 28 292
20 391 525
556 784 428
13 1117 857
499 838 1135
154 84 1111
293 895 1012
148 496 412
591 1127 287
954 568 378
973 335 63
359 1171 118
435 922 22
244 526 140
159 323 1069
738 1139 736
55 637 153
1112 72 864
412 18 947
714 415 397
579 447 192
528 151 422
676 402 288
320 798 432
685 494 249
501 790 487
1098 388 482
149 279 1167
137 103 911
397 142 582
354 2 254
586 997 220
395 107 738
889 927 93
1005 1027 1051
847 302 280
18 958 664
414 261 631
392 471 194
1020 997 993
405 699 602
644 404 261
352 24 854
295 1173 495
1090 31 972
930 408 864
227 810 824
157 516 149
804 455 486
142 919 128
369 844 424
489 300 621
1068 119 914
134 961 6
641 1140 192
61 429 42
970 244 651
498 361 388
199 844 445
1067 718 701
93 53 825
408 63 609
1011 639 772
886 174 97
815 94 72
883 473 18
790 1046 822
793 60 167
216 1186 1068
261 630 177
795 412 423
1076 841 431
1119 680 6
1042 433 863
41 146 42
679 353 112
761 222 87
436 971 99
401 327 278
464 409 586
1023 287 622
242 290 749
193 983 224
760 1141 177
338 306 95
829 703 462
932 301 674
855 81 398
83 1135 1100
689 1128 889
1095 992 969
92 683 186
174 1009 1145
24 704 1129
629 1161 734
145 141 943
630 627 811
567 691 694
606 439 1028
609 149 20
88 1117 628
976 156 53
511 214 814
992 775 349
487 467 285
353 308 285
259 321 87
161 293 77
25 628 618
716 670 3
214 563 1134
1121 289 765
184 992 249
1018 149 1102
786 799 456
1082 897 1028
959 691 0
305 922 0
118 160 1057
329 426 28
1041 613 611
126 298 112
612 254 686
373 789 1056
167 785 327
770 1186 1079
50 647 177
260 336 293
1093 1186 494
937 1057 54
257 516 253
488 225 801
666 494 942
792 990 643
642 391 467
1117 654 1145
232 960 608
5 809 1093
481 492 259
136 288 1091
981 626 560
705 51 619
597 927 22
1115 7 244
902 1175 382
521 1002 1169
887 1042 472
617 1131 287
273 1160 104
783 632 598
146 531 1158
827 1133 158
336 545 490
1111 460 22
206 597 955
1039 640 182
256 414 27
1122 443 126
114 673 2
241 225 217
713 307 881
33 120 1175
1118 159 87
430 445 1038
491 941 1
590 694 5
472 808 1181
1062 324 58
1001 1164 1077
625 532 1149
842 1081 68
906 1158 106
943 983 218
438 222 47
1026 228 629
766 1147 159
749 156 1173
769 772 334
1101 1136 125
661 441 1023
448 669 45
325 453 539
565 662 178
300 75 830
814 215 810
441 316 924
934 220 22
763 809 22
524 566 1143
168 363 364
999 28 862
595 671 547
208 286 659
862 595 933
479 931 147
1015 248 666
192 1179 112
321 410 535
723 1180 1078
850 451 740
577 296 86
1012 704 1136
99 160 174
864 827 198
704 456 465
695 519 411
668 842 1181
284 293 640
652 720 1144
1040 42 608
285 1153 724
38 337 1115
739 993 642
673 447 190
613 1038 812
931 191 96
1008 240 628
512 444 680
993 1069 75
994 1008 943
983 419 426
484 681 18
562 498 183
622 302 291
1000 839 461
153 446 134
131 332 1056
964 74 142
807 239 980
509 1131 1102
470 524 180
434 1197 719
1086 499 288
1105 13 957
116 298 811
347 372 587
1085 212 829
552 67 867
909 291 686
692 968 232
457 1141 146
266 173 1048
555 98 318
594 47 134
574 95 756
390 257 1165
374 1124 852
798 830 1185
1049 651 1129
223 504 689
587 447 681
346 403 359
525 675 41
551 528 701
37 720 43
298 1186 723
231 1023 458
866 103 715
1044 244 983
65 38 851
189 1109 957
894 164 101
21 502 194
1028 725 709
461 542 489
1025 683 1
446 279 1175
144 980 644
226 941 112
175 673 547
225 706 684
355 456 705
36 138 569
129 475 539
971 431 540
838 715 462
621 1182 741
255 163 266
107 835 436
3 210 483
958 242 468
229 62 601
312 391 419
608 27 554
98 89 1179
1088 1034 393
726 470 264
480 199 535
252 1009 838
482 693 28
614 344 891
139 172 21
358 723 697
1099 998 792
406 496 732
843 1055 822
627 783 847
534 159 274
990 1140 286
1077 993 662
830 671 29
809 907 155
659 129 759
212 417 10
422 297 893
626 144 709
31 29 262
874 433 1033
89 608 768
218 1162 760
939 778 805
495 846 547
1013 123 719
734 581 1052
73 990 613
1083 451 522
720 47 854
323 408 895
500 444 763
287 176 21
631 931 387
230 399 379
53 124 328
