6257
5656 1124 945
91 1078 1031
1429 1069 954
4794 1115 910
4125 1029 905
4018 1131 992
5225 1170 996
4515 1156 943
5025 1171 914
5298 1028 843
1508 1120 1018
3811 1033 1030
350 1123 896
6196 1040 912
3962 1084 1007
2037 1088 894
101 1026 937
121 1077 1077
3381 1040 973
286 1173 1069
5065 1081 863
5480 1132 861
3334 1152 1035
3816 1203 957
2593 1114 974
5364 1084 1046
4889 1217 985
261 1175 945
745 1154 911
2826 1183 860
9 1272 936
5828 1018 868
5247 1151 802
1144 1087 991
2516 1050 1079
2528 1105 1083
2209 1041 998
71 240 1881
2294 1113 1037
411 1005 1050
115 279 1873
6032 1285 897
4762 996 943
195 1036 771
2228 1156 890
6217 1138 933
2458 1265 978
2747 1135 826
3751 1044 952
106 1257 947
4807 1335 1045
2922 1084 774
6047 1155 1022
5180 1091 834
2224 1180 851
3672 1199 1066
2306 1723 1543
128 1094 1177
3151 1075 833
4555 1048 1026
4852 1151 1070
3911 979 810
2668 1229 1026
2365 1752 1569
2850 983 772
3656 1152 1090
2381 992 836
244 1207 1063
2424 1731 1536
701 1097 1091
4089 1050 1066
143 1761 1543
5891 1084 834
1537 1004 851
6226 1110 882
4781 1061 1117
5057 1095 1083
3161 1762 1598
2320 1204 1032
869 1281 982
2419 1087 835
5229 1197 939
2954 1768 1543
2870 980 1047
1524 1281 1001
5716 1792 1552
2908 1019 835
1362 1769 1642
476 1135 968
1158 1098 834
2847 1250 979
2616 1206 833
993 1743 1574
4628 1057 829
4371 1167 862
2080 1079 1114
1339 1194 812
4632 1159 968
331 1002 974
3277 1293 973
4856 961 1031
2309 1033 869
5893 1264 1069
1252 1036 1073
1686 1179 970
1431 1096 1093
4899 952 1069
4530 1199 1025
2948 1230 911
3326 1053 812
5807 1281 987
2926 1038 868
1782 1257 997
2074 1070 1163
464 1254 845
634 1070 810
3055 1038 863
478 1085 935
5804 1227 950
59 983 823
5751 1752 1522
5433 1247 891
1464 1005 980
4600 228 1946
4158 928 797
5176 1205 939
5559 1793 1603
1101 252 1914
3101 1305 905
3637 1005 976
6189 1028 833
4185 979 785
199 1217 908
2477 947 811
5228 1174 868
2881 1725 1542
1541 1098 1147
2912 1147 1069
4017 965 1057
1237 1159 974
1712 1134 892
4012 1024 835
2883 970 756
2749 942 911
336 1350 929
640 1113 1005
4978 1342 1019
1888 1099 1141
2187 1180 871
3789 1254 996
3930 962 1066
2608 954 1028
4231 1043 831
3023 1223 851
1837 995 1024
1318 977 772
439 1322 950
133 1156 1101
3613 1183 878
3666 962 1070
1483 243 1911
6018 1259 983
1420 1073 1091
24 1773 1426
5429 1391 1141
4124 972 994
1002 1138 1026
4629 1021 891
5554 1009 773
390 1183 1126
1851 1278 989
4718 1082 1150
5845 1247 1085
447 1023 859
1706 1260 987
1522 1377 1108
3439 1721 1571
4866 1235 909
4739 1052 887
5944 1093 1119
4330 1761 1668
608 1361 885
488 1361 1153
2680 1838 1547
2377 1255 987
5582 1072 833
860 1774 1625
771 1213 833
256 1119 953
1492 1021 917
4431 1134 840
6165 1142 969
6252 939 1064
4573 235 1906
4439 1154 874
4525 1253 989
4921 999 1003
3963 1140 910
867 1200 835
1297 1695 1620
5609 1105 929
5048 1185 1115
1215 1722 1540
858 1123 985
967 1327 1021
5569 1317 971
38 1151 865
3273 1812 1621
753 1145 979
352 1061 984
4257 1206 820
5685 1147 915
699 1009 1056
4163 1083 1123
391 1349 958
449 968 806
4368 1178 842
4971 1352 1164
2939 973 1031
4356 949 883
632 1087 1065
4152 1808 1594
460 1073 795
1384 1017 832
181 991 1066
1146 1253 908
5555 1421 1192
3583 956 806
1195 1720 1627
4863 1770 1601
2814 989 804
2905 257 1937
5895 1721 1553
1853 1220 892
1290 1086 1061
5762 1240 879
2336 1050 846
98 1400 1141
1728 1067 768
4854 1214 936
4255 1020 809
4920 1780 1629
2621 1074 1148
4859 1358 946
1674 1746 1591
2560 1070 933
5763 1818 1543
2825 956 782
2726 1228 1114
2783 1419 1243
19 1221 1078
315 1328 876
2011 1141 978
1861 964 1043
4873 1356 918
5943 1137 763
5755 970 771
4751 958 996
4470 1289 904
3757 1263 997
6248 1816 1552
5173 1203 1124
1445 1063 747
332 1409 1199
3471 1220 1063
95 1393 1270
4512 1735 1528
60 949 1038
499 1158 1076
4936 1161 865
3176 274 1856
2838 1129 761
1907 974 777
3390 1051 842
626 272 1906
652 1189 938
240 1091 718
325 1845 1585
1026 1027 914
2656 1409 1200
1143 1362 997
1500 942 882
3820 1151 1147
4844 1225 1095
3049 1382 1275
4413 1305 999
6228 1331 931
207 1066 828
319 1358 1182
3453 1046 1118
4295 1271 1061
3387 1094 974
3483 1172 975
2109 1241 867
727 1396 1115
159 1230 896
51 1184 1139
1111 1254 995
1917 1207 871
3691 1066 1178
787 1698 1587
1874 954 916
615 994 730
5302 958 935
4537 1000 799
906 1361 1030
3398 1057 787
2981 1101 988
3431 1632 1432
4846 1389 1237
5146 1226 1014
3552 1287 1161
4291 1227 1118
2500 1105 897
5868 884 1029
855 1237 1004
6103 989 992
2829 1363 878
3016 1062 767
731 247 1975
4131 943 1072
3249 1346 897
388 985 898
1226 1085 1093
2980 1769 1434
564 971 1079
1008 1148 831
5407 925 761
4298 1190 1109
1589 1111 1027
3588 1158 774
337 1309 1132
2044 1888 1606
4377 1719 1624
765 1113 866
994 1072 1107
710 1439 1327
4267 1241 1027
6129 1166 906
595 1425 1275
1652 1343 876
957 1141 948
367 1065 730
1822 1324 944
4831 254 1920
1767 1155 868
5191 1331 1168
5924 191 1843
4481 1016 830
763 1236 879
5207 1210 886
3184 1795 1590
5537 949 847
3922 964 1019
1349 953 825
2371 1285 1045
5331 1140 878
3544 1220 870
2755 1000 1018
281 1108 965
6197 1360 975
1155 1041 1154
5726 1219 833
4057 938 981
2181 1723 1637
3517 1732 1550
1764 1220 970
4198 1031 801
2251 1725 1391
3907 1248 869
5508 1061 934
3815 962 836
1578 1088 760
6092 1230 1088
5583 1129 1069
2059 1191 826
1565 1717 1613
4655 1345 915
317 1841 1551
6149 1240 901
606 1256 1094
5776 1033 1009
1438 1743 1555
3269 849 1020
1613 1214 1022
4817 1165 1135
2373 1215 1110
3650 1139 760
4679 1379 1217
3902 1095 1031
5035 971 710
3276 1304 1140
938 1352 1094
2533 1638 1419
4888 1235 1018
418 1005 829
5265 1241 993
5294 1682 1555
1812 1348 1034
3317 1141 999
3067 1086 834
4911 1748 1615
5499 1223 1015
3750 1113 771
1137 1741 1367
4816 993 743
6162 1111 1136
6218 1288 1038
823 1216 919
2056 1694 1626
643 1761 1662
459 1630 1438
5349 917 855
3331 1140 944
5345 1723 1527
3294 1075 822
4463 1775 1679
102 1423 939
1245 1293 955
4713 1176 805
4616 959 954
4228 1170 873
1036 246 1939
4156 1812 1600
5938 1230 995
3784 231 1863
4182 1213 1014
2773 966 1076
6214 943 1053
5284 1104 1036
2643 1722 1648
2426 1279 921
3180 1174 1177
1676 1784 1484
5989 1131 882
1647 1735 1441
1238 272 1911
5749 1016 943
2688 1336 1183
2665 1304 975
5872 972 759
517 1358 958
2733 1425 1348
1412 1162 1136
3030 1386 1272
1935 906 886
1134 1231 985
939 951 770
4039 1254 877
1538 1055 1110
416 1125 1048
6 1372 1224
4532 294 1878
2531 1304 892
5038 1207 915
1163 1204 926
1597 1047 919
1458 280 1904
5481 958 893
3943 1719 1340
2379 1412 1264
1176 1418 1224
1543 1234 1082
1630 1754 1528
1733 1099 987
4351 1157 1000
3444 960 846
5363 1210 1007
2903 1042 847
3408 915 1022
4084 1055 1104
1941 1713 1498
766 1095 1026
4692 1755 1672
5272 1325 867
4880 273 1973
961 1835 1468
4743 1373 1064
4003 1264 1115
816 1160 761
4174 1056 881
5283 219 1827
5028 1897 1588
5973 1083 1169
1747 1907 1645
4495 1240 1011
3117 950 889
4145 1353 978
839 940 1090
1149 1385 921
760 1798 1641
6132 1439 1251
3258 1349 964
4047 1057 978
2342 1389 1128
5543 1054 1113
3021 1692 1547
1800 206 1825
892 1093 935
2800 1287 1153
3543 1088 1019
1665 1719 1621
3912 1257 1109
3232 1106 911
3497 1057 745
6078 1072 920
2100 846 972
109 1121 1152
234 1148 962
69 223 1885
4030 804 1123
3579 1766 1451
2097 1857 1621
1468 1065 861
2945 1093 1061
2129 773 1162
3162 922 1005
88 1405 1151
3178 1044 981
4642 1149 1123
2634 836 1030
1783 1621 1520
5222 191 1917
3671 974 1066
613 954 760
589 1208 1037
6099 1022 1108
5051 1078 1131
5781 249 1969
5557 1707 1624
1684 1641 1446
2996 1771 1676
2238 853 1009
3969 1075 737
3367 217 1890
5067 1221 832
6039 1070 1200
2609 1250 1047
5155 1068 763
5886 1128 876
676 1039 1176
2615 1717 1621
6075 1074 831
1221 1365 1021
2227 1199 935
3362 1203 846
1415 1160 1221
3900 1267 995
4758 943 1008
723 1779 1437
5208 1071 1056
2007 956 1042
3996 1353 900
4476 922 1045
1184 285 1974
5720 1282 957
3333 1719 1671
210 224 1914
1910 751 1068
4865 180 1886
1248 1140 1202
5245 1325 1223
1958 1194 1058
3240 1595 1284
885 1128 981
6104 900 801
4388 1729 1595
103 1462 1347
2222 1864 1547
2573 1721 1351
663 1766 1622
5668 1810 1640
4810 1718 1639
5599 945 942
4770 1923 1673
5798 1743 1449
4558 1103 1024
5081 1312 1151
1074 1283 1039
5961 892 873
4950 1832 1625
5195 1747 1496
4304 864 930
2994 1685 1583
5815 1130 971
4417 1120 835
2451 1014 896
253 1148 1117
3081 1357 1170
4345 1062 853
6249 1248 805
3865 1204 1138
5362 1434 1197
6079 928 864
4884 1110 790
461 1164 972
1628 1763 1494
3663 1423 972
3837 1004 815
2518 1330 1084
4916 1140 1036
6070 1827 1639
648 1249 859
5978 1820 1556
4914 1761 1650
3992 1309 1021
2940 858 1037
3849 911 1010
707 1064 800
3706 1612 1522
403 1119 736
3521 1106 920
1841 1121 854
3770 266 1884
1906 938 1033
6135 1389 1040
5159 1337 1029
3534 1246 783
3442 1191 871
2982 1203 917
1061 1646 1450
276 1063 1088
5091 1103 828
400 1272 972
363 1153 1131
582 1117 929
2142 1694 1513
2553 1697 1582
3351 317 1899
238 982 744
3771 1861 1520
1956 1409 1254
5912 252 1887
2362 1194 1036
4085 319 1965
2318 1255 1061
217 1299 957
5144 1339 846
4404 950 908
4890 928 1073
919 1156 831
4997 161 1929
3736 1133 1152
6256 918 983
3394 920 904
2901 1061 942
329 1284 1122
5675 1753 1436
3936 1239 769
3530 824 984
848 283 1851
6178 1101 905
4072 1753 1376
2654 1374 1273
3916 1253 961
2525 1349 883
2301 1073 984
2646 1053 939
3982 1360 988
2355 1027 995
3159 755 1170
5834 1392 1168
5044 1132 1122
1663 1181 1170
273 1434 1254
4428 1149 1009
1717 1341 959
6238 139 1918
4272 274 1924
535 868 925
1280 1124 1162
4528 285 1944
5532 1268 1105
1724 918 1022
2004 1152 1192
1646 211 1950
3242 1138 917
1305 969 766
462 1262 934
3248 1368 1275
3376 1311 1229
3348 1683 1355
4764 798 1120
28 1842 1493
3565 1095 848
2446 1038 746
3020 1291 1001
354 1406 1179
230 1338 970
5029 1816 1688
2160 1477 1326
1571 863 948
5775 1135 1205
2705 1707 1545
2527 259 1962
4579 1018 748
6167 1140 1040
4451 1178 783
4367 941 1037
619 1077 1013
782 1800 1479
3600 1161 934
5485 1756 1466
1220 1016 1164
1124 999 757
465 788 1061
1302 260 1860
90 1218 954
3315 1922 1622
2361 1402 1268
2413 1301 1063
3344 1698 1343
3026 1630 1367
242 866 1006
419 902 1077
4465 1677 1399
1703 1218 1042
2984 916 990
5006 1248 772
3629 1209 826
5379 924 793
5597 1380 922
661 1275 1184
3556 1740 1517
5315 1035 788
2906 950 995
2772 1034 860
833 211 1845
1450 1208 1189
3389 1754 1235
4374 1105 782
1309 252 1785
1546 1906 1704
6028 1717 1684
2851 1326 1230
1257 1064 910
988 368 1977
5113 1342 907
485 1089 980
2280 960 887
2921 997 1110
160 1147 1150
1104 960 790
1866 920 844
3405 1697 1714
155 1378 1101
5127 1428 1210
5342 1739 1309
123 1401 1089
5424 1708 1634
5892 1252 1164
1071 1201 997
4710 1393 894
3406 908 1030
4646 1774 1690
5742 245 1824
1023 1687 1539
2835 1293 1039
539 1217 1068
1849 1274 1047
6181 975 1017
5220 1578 1394
2164 1683 1607
4168 437 1855
4989 1228 1110
4293 1728 1612
685 1109 859
5503 1761 1584
2925 1338 1211
2386 1031 730
2644 977 869
1171 977 728
3715 1740 1693
4014 1089 1003
5643 244 1955
2021 1739 1437
305 1064 714
2918 1771 1517
2135 1037 1140
5620 1241 823
5988 301 1789
2757 949 820
250 1786 1666
5945 1401 1072
3100 1170 802
1525 1252 856
5604 1080 813
978 1861 1587
4311 801 1137
6095 1629 1415
2647 976 1022
3917 247 1914
3878 1387 1301
3524 1213 1120
6247 987 788
4870 1549 1537
1714 1384 1036
1319 1347 1015
3233 195 1950
3478 1286 867
3436 1185 883
1694 1765 1587
5564 1082 974
5108 1044 898
3944 1021 975
2869 1339 1059
4742 752 1101
5419 1727 1462
4052 1041 1084
3274 1054 958
1792 1857 1693
4556 341 1969
410 1394 858
2963 193 1880
547 1197 1226
525 1355 1249
5982 1080 785
2724 1089 1203
4913 390 1973
5330 1740 1649
3166 1292 1181
1754 1110 738
5665 1770 1420
284 1435 1157
4659 1649 1429
2302 915 969
5361 1117 811
3193 1640 1460
2966 1708 1535
806 905 807
976 255 1784
5147 1606 1505
1249 1106 969
4577 1674 1583
3622 903 850
99 1576 1511
1625 748 1116
2144 1241 962
6034 836 1045
1477 1030 978
3919 965 778
605 1360 1068
5584 1450 1035
1388 1897 1620
598 1304 1193
5338 1411 1317
4281 1248 1079
3425 248 1874
2392 1743 1290
5745 1400 1075
780 405 1872
2268 1288 962
3643 1247 757
3951 943 1080
3831 1870 1582
4720 1703 1381
6157 1745 1329
4358 1878 1611
847 1066 745
4485 1704 1699
3923 1416 986
879 920 896
3409 1102 889
1725 150 1919
3458 1118 871
2407 1199 847
3702 879 1050
3554 345 1926
5711 321 1864
5800 1658 1155
3229 762 1130
5446 892 846
3630 815 948
4133 1536 1406
718 1240 809
5977 1809 1631
2878 1622 1283
5790 1048 982
3668 1824 1576
3574 1234 1000
2180 283 1825
1446 1776 1589
2260 1770 1495
5969 1436 1047
2447 830 1168
2030 1805 1588
5910 1713 1549
2429 1757 1608
2425 1299 990
3735 953 800
2246 1333 980
1696 767 1078
916 264 1885
5623 1728 1418
5310 1369 1256
609 808 1032
4898 1645 1407
3380 1062 724
2370 1336 868
1737 1206 757
6100 1079 1061
194 928 849
3222 1240 1104
1761 1151 1105
800 1239 1208
2722 1293 1140
1545 1279 832
1607 838 1049
3468 1791 1674
1999 1117 1120
2998 1186 1172
2035 1065 970
2701 1394 827
1444 1378 1312
672 1141 972
1453 1206 832
4329 1107 762
1073 1217 1013
2465 1014 700
1955 1537 1366
523 1182 988
1254 1135 950
4105 1816 1629
1345 1217 926
1992 978 955
5864 955 796
2877 288 1889
4714 253 1797
5193 1783 1469
409 1386 1161
2130 1389 989
1659 1136 1153
1743 1324 933
842 748 1051
406 1631 1510
4935 1073 1020
5000 1867 1652
4965 1343 864
1880 1055 1109
382 1252 1019
372 1158 1120
4420 1798 1526
5296 842 1017
2958 1634 1403
5269 1299 1178
5550 1289 814
1044 1470 1333
830 1076 931
3823 1361 1044
1140 1277 874
1601 970 746
3137 755 1146
4504 1171 929
5372 268 1915
4945 964 991
218 916 860
220 878 924
5094 267 1788
550 1208 809
2841 1014 703
2210 1107 968
170 1817 1725
247 1188 1161
3434 1226 1052
5516 259 1970
359 1316 1199
2517 952 1081
1666 1023 1018
161 1019 931
4868 1098 1190
1043 1695 1641
6094 1173 1221
515 1470 1032
1809 1283 918
5904 1121 1033
4885 339 1927
6180 1395 992
366 1813 1500
1830 1277 1035
3655 1051 1110
5388 978 785
5667 285 1823
3846 180 1873
1687 1179 765
453 1655 1497
5890 317 1974
1050 1732 1347
2879 1871 1559
5979 798 989
5351 1238 817
4861 1287 879
2693 980 709
1321 870 958
902 990 1059
2352 986 1108
4078 931 1028
3411 1016 689
283 1590 1267
4326 804 1044
1834 1118 1211
1325 1112 988
1938 305 1883
5853 1214 1166
5185 1894 1708
44 1064 843
5278 1087 1227
2782 1377 895
3714 1756 1403
5418 857 982
4881 222 1896
5355 1014 747
2040 1913 1600
4310 943 885
5974 1166 1226
1060 1729 1293
3519 1629 1495
5198 984 1018
2604 1791 1619
1016 1315 897
2561 1289 1020
2750 992 840
2524 1189 1122
3108 920 1041
5933 1027 879
2490 1024 786
4221 996 724
6150 251 1883
4675 1896 1580
4822 1127 764
854 1402 1030
637 1813 1706
4765 1184 1183
3391 1035 695
1223 1291 1077
3121 1323 920
4584 1181 834
4002 1048 1157
1872 979 961
1805 1483 1214
3250 1137 869
3147 885 993
725 1633 1406
4952 1414 1329
2287 1448 1007
163 842 1076
1755 374 1944
5237 1215 1049
3675 1050 897
3747 1135 957
4966 1247 932
4623 1015 743
2189 940 881
1350 809 931
2788 1264 1000
5616 1170 1213
5728 1132 1152
1675 1821 1670
1310 782 1151
5916 1435 1215
3658 1522 1238
3106 1678 1675
1311 1081 1057
3989 1481 1467
3927 1723 1240
3772 994 757
4325 1630 1455
2067 1221 1065
3353 1249 1015
4760 1826 1460
4685 1387 930
1145 1786 1491
1723 1124 766
512 1052 1088
4015 1327 1026
2959 1292 874
3073 1039 870
722 1544 1402
3855 1448 1153
2145 1692 1474
4040 317 1908
6191 1778 1423
1496 1691 1605
1735 1016 994
2587 1651 1398
5571 1035 708
425 217 1951
2611 1191 998
3522 1235 989
3611 1347 983
1015 1255 751
5235 808 1104
1480 1634 1568
2669 878 949
4034 1537 1236
1278 1411 1140
2032 996 680
1695 1210 1074
3768 816 1095
910 1261 1016
1109 1128 732
6212 247 1844
2321 353 1885
3575 967 1001
5947 1297 848
1847 1335 1053
2664 1720 1593
603 886 947
5122 764 1080
2951 800 1148
1472 861 1032
5548 1894 1582
4894 1456 967
6172 1537 1348
498 1098 1195
4079 319 1891
4422 1125 916
2955 902 1166
794 1862 1596
1732 784 1040
3226 1634 1520
1616 1391 1121
5110 1748 1682
3005 1059 893
1374 1667 1176
726 904 900
3939 1229 1220
5483 1281 1218
3283 1209 894
5522 915 1018
1147 1760 1660
2391 1784 1689
3029 1054 1114
1832 1005 1174
4473 987 1024
5855 1718 1314
601 976 844
3247 1222 1131
2887 240 1979
3045 245 1808
4969 1271 1112
2752 915 1001
805 1380 1159
1669 1366 861
2452 1631 1577
4725 1518 1271
1034 854 973
173 1861 1692
3987 1846 1571
1790 293 1907
751 954 974
1348 1294 1145
764 1183 1174
3200 1392 1247
657 1414 1057
1893 1056 788
2618 1294 1113
1969 340 1883
1681 1632 1485
53 1079 1210
1092 773 992
4644 1461 966
3704 1680 1392
1466 1456 1198
1255 288 123
4757 1153 969
6160 766 936
1858 1187 907
4077 1600 1265
4586 944 906
2844 1139 988
3654 750 1120
5306 1685 1433
2501 1673 1652
2857 1752 1472
6085 984 1135
2503 892 1046
2449 915 779
4661 1223 778
3014 397 1869
3532 1022 884
5478 1037 1117
4258 1613 1559
4878 1220 916
4658 1023 965
202 1746 1303
2358 1170 1142
3560 205 1878
5820 1791 1654
6025 1420 1198
1909 1470 1318
2396 1736 1265
5976 270 1800
5063 1048 1098
1870 1254 1035
3812 963 1066
1618 244 1788
4860 1391 1283
4738 1079 998
3036 902 854
1103 1260 1200
1180 1009 1195
4339 1815 1626
4024 1405 971
477 1089 761
2200 183 1956
1577 1607 1352
1779 1282 1087
3153 1171 829
2339 1398 1014
4350 1440 1090
3548 313 1966
3059 1901 1569
3493 875 928
3355 1434 1301
3271 1178 932
895 1481 960
484 1126 846
3893 1285 824
5710 1636 1490
375 1583 1399
5301 1184 913
4074 1208 1023
2704 1679 1499
1225 937 809
10 221 1941
2357 1349 879
2308 1050 890
1604 1018 950
4875 363 1878
5589 1870 1717
4828 1109 815
1272 304 1858
5504 1303 1225
5517 837 1069
4189 1093 1081
1312 1062 1014
2793 975 1088
1758 788 1066
5042 322 86
5445 1795 1695
2173 1634 1267
5380 1284 868
5551 264 1895
4800 1337 1340
625 1646 1376
3913 964 1094
1985 1532 1282
5520 1496 1401
5252 236 1922
1793 1321 1012
803 765 1150
5664 1291 948
785 1006 1005
5050 1385 990
2264 839 1100
3994 1066 687
741 1383 1046
2739 1352 887
2907 1822 1465
3819 925 783
5724 1525 1528
1511 1185 926
5699 979 1037
6215 868 980
941 1586 1273
3975 954 849
2952 237 1859
3203 1391 1197
2979 1349 857
2637 1653 1466
2975 1607 1308
3058 1570 1406
825 1456 1493
3779 1764 1525
3824 1782 1413
5833 1317 987
378 1048 788
3901 707 983
3393 1708 1581
4869 1868 1731
6227 1213 964
2532 1201 884
6119 1301 876
6130 1636 1239
1844 1906 1597
4416 1434 1044
857 1379 1093
5367 1190 1063
4933 1163 1257
746 1018 716
4108 1530 1263
542 969 1177
4009 911 842
909 1725 1677
3461 1117 1225
4135 1614 1514
3798 1186 1036
6023 861 1127
959 1327 1092
2047 1871 1693
5588 1503 1404
2174 1379 958
1813 1831 1558
4197 397 1855
5561 1043 878
2946 1096 930
682 1084 741
532 1134 708
46 1044 1049
4395 243 1776
1786 1107 903
3236 818 1070
5266 1845 1717
2915 1758 1451
2493 840 1062
5194 1645 1565
5440 1005 1194
1756 817 1043
5852 1347 1268
5782 1528 1333
3952 1539 1447
2694 1453 1344
5386 1722 1588
3896 1052 891
6235 1578 1403
1452 1790 1512
3541 1208 946
6161 971 959
5727 1098 1089
3133 1724 1396
3906 1417 1034
3515 1418 1357
2853 1324 1044
196 1673 1692
843 1503 1303
592 255 1952
1975 1282 1163
2995 915 918
3208 1723 1731
6021 1437 897
5236 1303 1111
328 924 790
392 358 1851
5913 1694 1607
5320 1031 1184
2364 841 1091
5307 1117 882
42 1161 1192
1188 1246 749
2277 1134 1009
4698 1762 1616
5729 999 1075
1901 932 1051
6209 1120 1179
3869 796 1001
130 1382 1196
922 1224 1230
4270 266 110
2398 1811 1510
874 1732 1449
3495 1612 1612
264 968 775
679 972 738
4534 276 1901
457 1542 1533
1299 1061 1022
955 858 929
78 1485 1328
5935 1244 947
5758 1519 1436
1838 1258 971
151 1360 952
6222 812 1113
6068 1675 1451
6053 1234 1122
1627 1902 1704
1776 1131 786
735 1279 818
4839 1478 1309
6113 1416 1128
2484 255 1891
1181 817 1203
3191 197 1976
4993 1635 1513
527 1385 1251
279 853 1084
6116 925 753
3185 1683 1703
2157 1501 1394
5691 1491 1264
6020 381 1933
1971 1108 863
5540 940 849
5313 1813 1588
6019 1162 694
5437 966 974
2872 358 1960
2118 1683 1662
2512 784 1056
6186 707 1062
2378 1807 1695
1759 1660 1316
2236 1890 1766
429 1180 922
3230 1052 766
4727 984 855
6062 710 1007
5964 1059 839
3525 1712 1295
3396 1650 1173
1900 217 1816
5876 968 729
6017 270 1775
1355 256 1766
6022 1135 926
2170 314 71
5100 1869 1623
1201 1733 1410
5506 920 1030
4348 1794 1461
778 1448 997
135 1500 1485
1368 1097 1062
4062 853 979
67 1882 1718
4520 1195 1083
1974 1556 1465
3311 1150 739
1656 1683 1720
5201 1449 1200
43 1775 1544
2455 989 1195
2162 664 1056
165 260 1851
136 1907 1684
2815 1674 1451
2012 759 1047
1633 271 1885
2346 1648 1363
5764 1284 1076
4148 1405 1013
2640 1361 1287
5129 1003 1162
5851 1008 1100
5915 378 1929
3872 1833 1644
3749 936 779
2627 898 1259
1183 1445 1061
2314 395 126
3028 945 1138
2454 1495 1459
3379 1044 853
4019 1488 1034
458 708 1061
1639 1434 1184
668 245 1833
1406 1792 1347
180 1873 1793
1965 1392 916
1001 1202 783
2509 1160 953
6134 1110 798
1159 1155 1105
1179 1171 882
4905 1004 737
1142 935 711
137 1229 1211
4624 1433 934
4561 970 784
3689 1047 1057
3631 902 1022
4951 1616 1712
1531 766 964
2467 1126 946
2973 1277 975
265 1834 1532
3623 1329 986
5314 892 928
3157 377 1866
4385 752 1054
4649 389 128
4137 1051 1122
3657 1166 1035
4840 1908 1585
5662 1246 1041
3741 697 1066
2648 1711 1237
295 1768 1551
1335 1468 1104
4243 1010 1100
1979 1746 1377
2848 1683 1722
3856 1288 1093
2102 1708 1416
5859 332 1913
3920 1646 1362
1989 810 945
3758 1330 884
4462 1401 1020
2279 868 880
3946 1341 858
1262 964 1048
4701 971 1037
3146 1890 1707
189 325 1959
852 1559 1501
5080 736 1062
4049 1680 1564
599 947 799
4050 1405 1132
2233 1771 1658
1128 226 1977
4995 1201 1127
5575 194 1858
3192 1482 1230
2613 1228 977
1528 1145 1102
690 907 1017
3903 1372 1287
4370 1322 1110
5114 1594 1271
2078 1287 837
5217 776 1113
669 1157 1094
1048 1145 1167
2456 1122 1198
2014 1036 934
3592 1421 1319
5030 1086 921
4450 1553 1361
1367 1093 1066
5204 1612 1312
4225 899 847
572 1039 901
4886 1006 973
11 750 1054
877 1852 1587
3830 1239 1129
3422 1024 1137
538 755 988
819 1865 1742
558 1149 823
5047 1093 680
5166 1330 1016
5791 1674 1390
2443 989 1122
4531 276 1788
5636 1262 813
1386 775 1087
4508 1378 1173
1422 970 666
812 298 93
4338 315 1883
1924 335 1792
5826 1766 1512
3801 1700 1508
4690 1049 1012
5903 1398 1013
4671 1521 1202
177 1376 750
4653 933 781
4517 1739 1587
278 1641 1340
3310 1152 1222
4205 1571 1391
4651 952 804
3866 1395 876
6148 1290 1249
2663 983 1189
2692 1919 1505
3415 1121 922
2734 1152 992
1738 1914 1562
3875 1169 732
5705 1695 1574
5216 1065 1159
5172 1231 979
3660 975 772
2949 1322 1142
1583 878 746
3624 1359 1337
1481 977 1160
5753 1475 955
5120 1729 1257
4159 1058 1068
6087 1596 1446
80 1293 968
3940 1214 882
1588 952 1112
2039 979 977
3634 815 1024
4673 1719 1314
5335 1440 1277
6058 1030 885
3636 354 130
1868 1503 1345
454 954 1087
5117 369 71
294 381 1899
4444 1344 1056
1075 1113 1247
1771 332 1796
2163 311 1859
471 1595 1531
721 1335 1268
1923 1672 1396
1902 242 1899
4551 1304 1157
112 962 1012
431 877 986
4223 789 1163
2231 717 947
543 1038 1052
2005 1657 1191
2974 1381 1031
3472 206 1956
1213 1205 1031
6074 1773 1361
2674 1384 878
3079 1135 1178
1160 1865 1786
734 1746 1492
124 918 956
2741 1242 781
405 1646 1587
501 1677 1723
164 1052 1091
5956 1902 1719
5702 1380 923
3701 1150 954
1770 992 766
5010 1474 1054
3141 829 1005
900 1810 1405
1085 1340 1141
712 1189 973
647 1806 1733
1933 1089 1126
1121 853 734
6153 1296 835
5809 770 1035
3983 634 1123
3148 1598 1275
783 1635 1311
393 1384 1231
4036 300 1850
4906 1270 918
5031 1075 1038
4033 989 795
1486 1630 1394
3125 1601 1397
3188 351 1795
1199 1283 978
4445 1462 1495
5965 1735 1316
6124 1355 1082
2247 1563 1363
2774 1099 1006
4948 877 880
1964 436 1858
1347 859 947
21 967 994
1317 1264 971
1620 1760 1612
1544 1216 783
5808 1906 1611
3659 1267 1214
4254 1509 1518
1168 944 1046
6243 1717 1680
6031 1338 1270
1442 141 1941
4461 1509 1247
221 1761 1385
1591 816 1130
347 1075 714
5241 214 1902
2723 1292 1121
5493 943 753
2629 1479 1277
1267 1392 869
1436 1234 751
6056 1482 1248
5684 889 1240
658 253 1867
2155 1769 1360
536 1673 1664
4796 1112 996
5046 1101 864
3209 1135 791
5279 1347 823
520 1279 857
1441 1804 1658
4779 1041 839
1658 1169 1109
4680 1034 1124
4848 1036 833
5661 1483 1210
581 1389 903
2259 1282 835
5759 1087 875
1187 1908 1732
4941 1813 1570
954 866 1199
705 337 1795
5624 1512 1405
1685 234 1845
1982 1644 1580
4365 1567 1312
636 1613 1266
3687 1105 715
4988 1394 1204
5757 382 113
2207 1090 1033
4774 1207 1295
2112 136 1888
1981 1003 694
856 309 87
1760 1682 1577
113 838 883
5972 1807 1475
3272 240 1962
6177 1735 1299
1707 1586 1288
983 1094 1009
594 945 983
1673 1223 946
5409 170 1938
3307 1632 1671
2237 1513 1562
1584 1306 1215
3292 989 1079
6207 1574 1360
696 1866 1619
1641 1804 1514
831 1051 1004
5884 1769 1444
4409 1341 946
300 1488 993
1413 1445 1192
5902 1899 1602
1330 1462 1490
3325 1784 1592
4775 293 1764
1557 1426 1137
2226 1053 1172
5739 854 1097
1848 719 996
4829 1527 1241
2179 1528 1295
2999 321 1896
5567 1718 1406
5921 1720 1678
5143 1705 1400
607 937 747
4872 1131 756
2866 1302 965
901 837 1171
4393 1509 1524
4048 1760 1362
5713 804 1191
1371 1114 873
5658 1897 1504
1552 1001 786
2897 332 63
481 1293 818
4678 1089 953
3746 198 1853
2123 1828 1630
4474 1231 1226
5534 1709 1658
4902 1184 919
2111 1755 1614
4787 1659 1243
3009 1349 1293
689 1230 1073
675 717 1110
360 1544 1397
3152 1513 1400
2105 863 883
688 1448 1341
3494 1213 1277
2779 1640 1583
4542 1416 1292
5541 1258 1020
2010 1222 951
420 1763 1666
1881 1366 1285
1069 193 1822
4877 1608 1615
1306 897 1014
3880 1449 921
4763 1433 1212
6192 1605 1407
5365 1541 1342
1593 1035 735
114 1808 1509
4569 1638 1535
1928 775 1130
5491 275 1911
1887 906 717
2146 1549 1538
5336 969 705
576 1651 1654
1467 1619 1758
2430 935 734
3883 1912 1464
2856 943 810
5137 1420 1097
3343 682 1172
1494 720 1207
6027 952 1066
3731 226 1775
4754 1782 1718
2601 1895 1550
1908 1689 1682
3328 1215 1226
1877 1713 1305
480 1185 905
3204 1163 701
2185 968 1173
301 1634 1156
3851 1549 1222
2058 962 694
1136 1516 1535
5391 1762 1520
5488 394 1818
4006 1832 1544
4472 1254 1136
4381 1400 1084
27 1173 741
2964 1750 1454
1276 1807 1674
290 1501 1370
2985 1418 967
933 1385 814
440 1267 908
2805 801 1163
3374 1095 918
1079 888 915
45 1125 809
4850 1017 788
2777 932 843
4407 1559 1481
3606 1212 889
4926 1587 1713
64 350 1924
4488 1010 1016
17 1811 1461
5841 1305 1077
4279 1632 1546
6060 1154 1212
1353 1534 1060
1484 1379 1290
1423 1765 1639
2526 1699 1542
1778 1637 1219
5125 1580 1437
2166 1422 982
6051 1270 1269
1968 974 1228
1939 1259 1223
6221 1877 1765
3934 1398 1045
3744 357 89
5519 1637 1393
1298 1619 1392
5016 1670 1535
528 1222 1107
4823 149 1967
6127 1502 1192
3677 1291 875
2858 770 1148
1806 1730 1376
2137 1070 664
1750 1386 1142
2687 1402 1324
132 1025 823
580 1551 1519
5328 1637 1668
5036 414 154
5521 1426 1166
1372 1484 1025
2245 1200 1003
3888 1899 1721
2323 1678 1410
4094 1642 1358
2630 1189 1090
3112 1406 763
893 804 1229
228 800 1045
5839 1596 1220
4007 1437 966
2353 1501 1441
3464 188 1889
5268 1016 1003
1204 1837 1610
1549 1024 657
3802 1382 839
2679 1743 1718
1090 1237 957
2438 1131 765
1664 1029 1039
757 1543 1255
3370 1436 1041
1623 1096 645
2190 1248 1009
5617 1370 1156
5258 1664 1204
1207 1229 1022
1086 1439 1128
1186 1375 1295
236 209 1945
5219 1550 1331
3435 1233 1248
226 1466 1280
3437 769 1179
1820 1739 1442
4425 1300 1106
2292 1276 879
1185 1518 1291
2700 1330 1130
5263 1645 1368
4452 1966 1636
2567 1381 1398
5212 1376 1141
4166 1030 873
5273 1765 1479
3864 1345 1247
4990 1057 1121
5458 793 1122
2019 1778 1335
5750 919 867
5395 1092 1095
2513 692 1080
1655 1902 1554
1448 1387 964
2433 912 929
3540 1418 1159
5145 994 1085
2965 1808 1396
2258 1151 832
3262 778 929
2085 1910 1716
4497 1849 1704
3662 748 1054
2871 1599 1270
3804 1019 665
4547 1384 1088
4618 1828 1663
4114 748 1107
2507 1091 1021
862 1048 1173
3196 1663 1347
287 1770 1561
3777 1667 1636
5141 1362 987
4207 1746 1702
5378 1352 1028
446 788 1009
3275 265 1801
3268 226 1809
5390 1115 785
2529 1736 1613
6183 298 1917
656 1736 1494
925 892 747
2193 982 1173
4236 390 123
3401 1361 918
801 1224 927
769 1220 921
4944 1488 944
3190 1291 1190
2249 1150 684
1937 255 1969
4314 1536 1320
5736 1492 1107
5329 1528 1061
169 1881 1773
1430 1253 803
1967 1191 772
1859 1236 762
4919 773 1059
3335 1899 1487
5018 1432 1116
1562 856 823
4107 1526 1521
2404 1467 1238
1214 1295 852
704 1130 1202
259 792 984
6035 1883 1617
642 847 919
1261 1327 1346
3252 1845 1501
5614 334 1842
2770 1524 1483
1566 1172 1155
585 1776 1444
3550 1114 861
3019 303 130
3567 1133 1275
3365 937 673
4342 1015 843
5040 313 1770
1471 1104 922
1447 1843 1732
6201 1693 1404
5501 1491 1192
575 1177 834
880 811 1048
5466 775 1051
4248 1053 1162
2542 786 1134
1028 376 120
5831 293 1773
4750 1917 1722
5021 797 1079
5894 1097 1034
3025 1124 778
251 1711 1258
3003 1321 996
327 1569 1304
302 1417 1407
1322 1086 968
4211 1249 1300
970 1516 1388
4210 1268 1048
3065 912 1114
5087 215 1807
3199 977 861
1192 248 1951
3475 1291 994
5527 1309 1261
5985 293 1749
2015 1542 1570
3339 1535 1159
2820 917 729
4557 1686 1535
4691 1771 1504
4825 1336 914
894 987 736
1897 1331 1316
5472 932 1057
4143 1751 1485
1533 928 767
3774 1212 1037
4686 800 996
2588 1039 1088
2133 1316 1175
2241 1522 1061
4423 944 803
1631 1893 1472
1046 412 1889
4741 931 978
903 1893 1603
2206 205 1867
3618 192 1798
5227 1366 1299
5678 1288 928
2048 1404 1113
691 1294 761
756 1109 1274
4274 216 1926
5319 1898 1533
4545 1874 1469
2698 1770 1635
463 902 1027
2633 1113 891
6109 718 1085
156 1032 1161
5463 391 1928
686 1223 1059
2934 1059 867
4070 813 1074
4970 1824 1396
3547 1470 1180
5352 871 973
775 337 1865
6001 1767 1731
5535 1401 1327
4681 376 74
1293 1382 1213
6185 1040 928
2852 1588 1211
1742 1391 789
513 1299 824
3793 248 1767
3850 1173 1227
4815 1881 1734
1892 1612 1424
3810 1157 716
5515 1779 1576
3692 1410 1405
3382 1025 881
466 1598 1297
2140 1804 1678
2343 392 1799
552 1225 917
3068 1243 976
1308 920 926
963 1427 896
673 1399 1034
5789 825 1139
887 1530 1057
3107 1325 1292
5170 105 1920
5586 1479 1470
1042 1902 1586
5088 1530 1447
2457 1246 1239
1839 294 1889
678 647 1101
4170 1424 1058
1998 783 1006
1617 243 1856
5638 1163 981
4454 1543 1339
2600 737 1228
1270 916 760
5457 1157 1062
209 974 794
2491 361 1915
4115 1419 826
804 948 1024
4332 865 858
323 1910 1515
934 875 1207
2789 921 1245
4524 1206 989
2625 1677 1641
344 1375 879
4398 1470 1229
4280 1066 874
5287 1680 1318
4360 833 1213
5743 1161 916
1598 1366 783
947 1343 1089
2675 850 1146
561 727 971
1622 1712 1722
2581 1763 1481
5417 1518 1507
2257 1569 1435
4227 1610 1393
5304 322 1820
739 1726 1299
1581 309 1906
4942 1670 1310
1862 997 1248
4035 907 942
4111 1419 959
4972 1027 921
2548 911 884
4110 712 1109
5119 875 733
2659 1452 1130
881 1586 1683
5132 1831 1690
3513 1169 1120
2833 1134 744
4943 1424 1372
537 1473 961
4847 964 811
5936 290 1867
5462 1520 1079
6084 1336 1187
4028 1809 1623
1265 1768 1499
6146 843 1211
245 1327 835
4477 1693 1527
1475 1432 1354
435 1372 1122
5066 923 752
4327 1867 1611
1635 1570 1355
574 1026 719
5436 1786 1403
5529 1545 1531
3491 1120 803
4237 1394 878
5792 1218 1097
2768 1238 789
6066 1723 1397
792 1576 1211
2461 690 1173
4991 144 1754
1751 1778 1611
5650 272 1892
2786 792 980
2221 408 135
396 1240 832
2667 199 1793
4418 387 1842
357 163 1888
4522 1222 725
3122 1096 968
4271 948 1071
5952 877 1089
2902 272 107
4008 1505 1564
1491 1584 1222
5878 1277 1061
4538 1371 830
2305 901 743
3843 337 1903
4317 1682 1569
4164 1476 1012
4167 712 1024
1173 1159 700
4783 1572 1314
3976 1592 1389
455 1560 1434
1814 1065 908
4728 1646 1625
3479 1313 849
258 1855 1783
1523 1464 1128
623 988 771
3673 794 1029
4981 1196 949
4224 1032 645
48 1028 1271
4833 1301 1200
610 1082 1101
3619 1570 1649
187 1360 812
1886 903 1137
3330 1909 1471
5430 1487 1234
26 1441 867
4887 1327 1178
5531 1168 1165
1100 1576 1386
1211 1105 1258
2017 953 928
2092 1731 1674
32 1427 1026
5618 1940 1666
3241 1518 1193
761 1535 1363
353 151 1734
3400 1806 1610
4937 862 1150
1550 1789 1528
4242 1587 1687
6237 1589 1606
5824 664 1267
4179 875 765
1323 1151 835
1068 1182 723
1414 1727 1540
1392 1188 1220
2116 1530 1255
5598 1089 950
5981 1851 1625
3104 734 957
3076 748 1194
116 384 1830
4175 1480 1006
5124 691 1100
1558 1920 1564
142 1586 1479
2084 1063 667
914 978 1200
4411 385 137
5641 982 841
4324 1402 940
413 1017 1022
713 1754 1441
6107 1185 1231
5533 1096 998
3221 1060 1045
2562 711 1188
5371 1340 980
3625 1876 1709
1996 1684 1675
1718 1645 1160
30 1226 1295
953 1022 966
6002 1251 1279
4436 1295 1091
1277 1240 1015
4446 901 715
3782 1015 699
2895 1052 1156
1194 871 999
3918 798 1223
1369 798 890
3788 889 1256
6013 657 1113
2896 148 1951
3642 1220 1028
4509 1801 1487
666 1120 702
1138 942 726
1624 1812 1548
3231 1137 1228
4987 378 1971
1424 1646 1573
6005 1282 1148
4809 705 901
1517 1373 1147
1433 1258 959
5318 1293 1133
5323 1092 1111
2931 938 692
3320 1465 920
4263 869 1180
834 1326 1120
982 1230 886
5441 861 876
905 1690 1440
2550 1466 1319
5384 901 1194
1219 1122 1010
4622 808 1172
5652 829 996
398 393 133
1387 1041 875
4598 1949 1644
1292 1274 1206
793 702 1150
3061 1249 1269
5271 778 1204
4735 1165 795
5311 1023 756
4897 1413 1304
2538 1102 848
3984 1806 1392
3617 1236 1136
5396 1423 1005
4269 994 1045
2031 754 921
4082 394 1781
1894 1820 1754
3968 1273 795
318 743 998
198 671 1110
5630 1845 1472
2961 1543 1351
5165 1483 1225
6170 216 1919
3372 79 1880
4424 1721 1560
2141 707 1177
3132 972 840
758 709 1201
3826 1462 1009
1536 950 1202
4980 434 1871
3037 1727 1368
3762 1675 1316
3177 1531 1420
5731 1314 1307
1619 1816 1787
4603 1142 745
417 1409 1163
3237 382 1924
534 269 1863
5648 1031 670
1281 232 1870
223 1624 1246
3697 1025 956
4708 193 1939
117 1607 1487
4973 1009 1076
937 1384 1223
5069 1135 694
2970 859 796
2725 1590 1208
5412 1599 1156
4218 1669 1665
5182 1750 1286
5659 1560 1593
687 1197 1102
2038 912 1038
1139 753 1178
3590 182 1799
4088 1691 1379
2617 1300 980
4689 819 1081
4044 356 82
4233 1357 923
2091 1483 1017
4296 1679 1690
747 1562 1524
3352 1391 1324
790 927 802
2753 1645 1289
5997 315 1842
3047 1526 1379
2498 1234 926
3563 1450 967
66 1672 1571
981 1210 702
5096 1472 1266
3683 1446 1121
3791 1552 1247
1553 1209 923
6206 1210 1265
6117 1114 793
4806 1505 1311
4903 984 831
3852 1469 1303
929 1306 810
434 1383 875
3350 1298 950
3063 1050 1190
3077 208 1819
2584 389 1794
3733 978 1152
229 903 932
2496 1784 1357
385 1525 1338
4744 1582 1383
5032 171 1839
248 1912 1506
4567 1884 1494
4864 190 1895
2535 380 193
2719 960 864
6121 1345 1066
4724 1193 991
3486 386 1751
3364 432 1890
5785 1033 984
2519 1724 1691
2471 1744 1743
4315 1559 1346
4458 1154 1197
1303 1060 877
3570 1722 1480
5835 1014 1066
2894 729 1109
5697 1033 1166
2607 1400 779
2929 1950 1625
1749 288 1786
5061 1343 999
5732 1425 1175
2415 1335 1258
1174 1258 1022
52 1212 1314
5075 1661 1215
4217 1373 1301
2717 1768 1438
5123 1467 1486
2304 929 961
4443 1349 1350
5560 998 770
4984 1215 1022
4363 1526 1160
3454 920 849
5920 686 1078
3111 1249 888
809 1797 1659
635 950 784
3092 813 798
97 1584 1751
3720 1145 785
3739 870 894
3545 1069 648
4335 1810 1643
4244 1414 908
5340 1204 790
4654 1630 1379
677 865 1220
5490 150 1752
275 1291 1102
4161 392 188
1734 249 1845
18 1287 1195
2033 1148 694
1972 1601 1314
4778 1118 1061
3586 788 850
4138 281 92
4753 151 1800
2767 1812 1673
201 1673 1729
2967 1639 1321
3359 1091 1076
6163 345 1789
2968 1632 1504
4946 1365 873
569 1012 769
1459 839 772
1773 914 754
5832 1467 927
2653 1285 955
2288 963 1061
3216 1813 1407
4212 1664 1545
2178 1557 1412
4893 400 151
3889 424 1890
2685 395 113
814 657 1208
5700 1366 1391
335 1535 1257
2650 1183 932
4736 1800 1387
3664 1054 1041
3814 959 1105
468 709 1038
1327 1692 1270
965 1403 1069
5116 1332 812
3759 1146 1221
4180 288 1737
3280 923 1196
1333 785 1104
2203 1009 733
1037 258 1963
162 1671 1624
3726 1817 1525
3498 1725 1704
5385 1359 1016
4959 390 196
3753 1448 813
1361 413 1902
77 1007 1231
2818 154 1738
1603 1739 1571
1720 1262 787
2709 1607 1221
3103 117 1917
1729 389 1822
2541 731 1075
2551 152 1803
2769 1383 1314
5479 244 1847
4663 680 1161
553 1074 1100
2661 946 794
4637 1889 1721
1610 772 1072
3961 1898 1485
6061 341 1800
79 1468 1142
232 384 131
3197 1482 1013
1824 1167 1319
6211 705 1212
5777 950 1007
3536 819 1027
1054 192 1765
5276 1020 756
6067 1398 848
96 691 1111
3484 1420 951
3455 1231 1227
2559 1522 1218
4550 1811 1672
5949 1553 1236
4134 1286 1263
3817 927 1083
1926 895 759
5317 1617 1724
1567 1123 723
6106 640 1189
2622 1303 949
4220 790 1015
602 327 1873
6091 1827 1388
4376 1409 1067
5818 1633 1530
5448 1615 1386
5752 171 1891
4619 1673 1563
4795 1101 919
6154 263 1966
490 1771 1240
1135 257 33
4253 1685 1254
3539 817 993
4467 1840 1774
4900 1834 1593
5862 389 1968
4373 1404 1070
4292 980 1193
2935 1815 1471
4303 1334 1315
1341 1446 1310
3313 1113 1159
312 1096 979
1119 1077 841
4664 1876 1596
3441 1281 1099
3417 1950 1600
521 139 1785
2427 1067 1259
482 383 96
4638 999 1178
4203 1160 861
4290 1692 1310
1863 1409 1334
3489 1296 745
5444 1531 1490
5498 941 1227
1535 947 712
4146 794 1103
5797 257 1836
1169 1604 1435
1827 1352 1269
3338 941 1016
3510 1269 807
1284 377 1729
3792 1246 1283
2754 1201 1048
2494 769 971
1774 1760 1718
4247 1358 914
2303 1042 886
6114 850 996
5858 304 1913
2156 1407 824
2864 377 145
1314 1560 1317
2474 310 189
412 1009 835
5316 626 1201
2317 1018 776
1315 1494 1022
2997 1260 930
4026 1192 964
1726 1138 976
4061 1271 1008
3986 1089 1083
2842 1203 672
3006 1173 1087
5475 1145 973
3163 935 656
2216 767 948
5673 267 1876
3466 1264 1131
1609 1219 906
4289 170 1853
6175 1592 1481
56 1559 1233
118 762 1203
1746 222 1793
3653 1214 1089
2875 419 155
5967 1828 1695
1959 1034 840
3443 260 1941
2620 1910 1594
3088 320 1804
4699 1410 1079
2606 1282 883
4998 1849 1491
3685 1239 1239
4390 929 927
3450 868 1058
4093 1761 1550
2395 433 1970
3959 972 654
2094 819 1208
2087 1462 1191
3821 181 1881
1819 1697 1728
2790 1233 728
1889 1913 1571
2765 376 1840
1488 1554 1220
5545 1146 884
3260 1294 1064
4876 1448 1405
908 800 1106
1021 1591 1261
1495 1921 1650
3964 744 911
5740 314 214
4938 660 1061
962 1103 694
3332 1698 1634
5901 944 676
4901 1054 1231
341 1766 1532
3707 1556 982
6241 266 1780
3448 1588 1172
3756 1378 936
611 1416 1342
5613 725 1353
798 1163 1157
3958 101 1954
4455 1405 827
3169 1060 1137
2504 898 1196
2462 1282 1132
1940 111 1844
931 1775 1725
1919 1894 1466
5596 1336 1371
1572 1858 1719
5568 1360 1136
3207 1050 781
1083 933 1114
3881 1883 1438
6199 1763 1441
5592 815 1150
6142 1430 785
5489 1083 627
5261 1039 1273
5737 1178 731
3459 381 1920
6037 1478 915
818 1489 1017
1515 1183 977
2791 1222 1217
1078 958 872
4487 1352 1357
7 725 1113
380 1224 906
1164 935 1176
1084 631 1141
3183 1515 1565
3218 728 1017
5626 169 1825
2797 884 1052
6026 884 885
4173 197 1762
2161 91 1875
5810 1642 1362
2932 1271 1221
1871 79 1872
70 1669 1746
3083 1109 848
1661 997 743
1556 917 739
4595 1544 1641
6115 1009 1261
2437 884 1119
5068 393 1793
870 1776 1377
618 1514 1343
2243 1453 1205
5327 1145 761
6205 1140 650
1640 1051 981
3925 862 810
5078 326 1728
529 1412 1001
5246 1039 744
296 1346 1048
4590 1053 1223
5058 867 741
4594 244 55
3926 369 19
1512 1617 1248
4492 668 1064
1157 1629 1535
5105 982 787
777 812 813
1499 1625 1689
3281 434 119
1449 904 838
2057 355 62
1045 1709 1567
3312 1672 1316
1736 712 1175
4058 1665 1649
662 1583 1393
437 1705 1675
2138 1046 698
4321 1366 1217
2468 1564 1590
3729 1069 703
1850 1284 998
3885 1240 664
2276 154 1803
3446 691 1107
1041 1400 1398
651 424 1863
311 187 1804
2658 1568 1538
2944 1876 1697
5449 1522 1059
926 1798 1744
5778 1405 1015
6059 1178 1091
4696 759 1124
4192 458 1964
3035 95 1870
1099 1681 1535
401 1103 968
2069 74 1862
5177 1814 1719
4732 1223 1225
1869 409 166
104 1633 1608
266 1489 1020
1789 1781 1269
3134 1133 635
3867 378 179
1273 1519 1280
1534 1846 1638
5368 1010 1246
5780 1324 1333
6007 1838 1570
2025 1490 1315
1856 1200 784
3282 210 1977
376 1911 1530
4127 1039 1015
2742 901 949
5257 1287 804
1529 1380 774
1404 1873 1491
1435 1788 1468
3385 1187 937
4759 1524 1578
1611 1229 1122
742 67 1930
4645 1503 1247
6038 1878 1800
5139 1399 1083
4668 701 1249
1058 173 1877
3577 1588 1483
4940 1307 787
1197 846 720
3776 139 1941
4498 1659 1194
1905 1489 1172
545 1384 826
3979 1106 1215
5577 1644 1694
3492 1154 820
2103 277 1912
851 1767 1565
5109 1466 1459
6229 1483 1410
6050 1058 702
3447 871 1224
6102 320 1836
1403 767 1340
2064 994 1191
1740 1553 1666
4219 1011 905
1657 317 1881
5497 1305 730
3198 1677 1302
2930 1571 1349
5593 816 915
1654 1477 981
5004 1653 1528
5523 1663 1155
4983 1154 698
1251 1445 1399
6233 658 1066
714 367 178
6187 1640 1564
728 1742 1361
3136 1567 971
4956 944 645
370 1361 888
5262 1175 1291
3834 310 1797
2000 1446 887
2485 1651 1297
3950 1257 909
681 822 843
2927 786 1113
68 954 956
4361 1515 1075
1301 1354 1272
2776 918 1257
6140 1389 1015
3395 1326 1068
1218 387 1787
5966 997 1062
5353 1023 1076
1006 695 1208
3340 1762 1360
1629 1754 1540
4879 1229 712
3010 432 1978
2225 1368 1281
1497 1206 753
4051 746 1354
5303 1734 1446
3041 1444 956
3402 985 926
5748 1244 834
4302 1578 1235
1772 783 988
1994 1038 1211
4193 760 1075
5334 57 1924
2410 1764 1659
5167 1116 1149
1033 762 1037
4336 714 970
1930 1378 1358
5291 360 76
1457 1097 734
2695 1058 679
4536 1940 1716
4496 1644 1349
3080 1192 1116
3295 1461 1200
2088 841 742
3017 790 911
6145 1144 1118
2572 1147 932
5286 256 1864
1264 760 1184
4249 1397 1086
364 1132 1273
1096 808 1193
4541 249 1758
5856 915 850
1059 167 1734
2598 1178 699
3535 1070 606
1831 189 1864
1400 1753 1319
428 1874 1600
1708 973 1048
1645 1010 897
4626 384 1917
31 1731 1385
2515 1436 1177
6242 1843 1442
2854 1400 956
6169 1746 1723
5205 1577 1353
3140 336 201
4191 1635 1148
2266 970 811
1644 917 1262
3039 1282 1169
2575 1692 1731
2913 1411 812
5344 1404 1166
239 330 154
2270 1755 1356
2298 1343 1309
5375 1343 1152
4020 1008 1244
2868 1409 1392
1208 1100 1058
5456 1481 1372
2340 1249 916
5865 243 27
386 1281 844
871 1567 1381
5082 875 907
6176 1247 956
5579 1169 756
3558 1443 1141
3482 1334 1275
4548 1319 1287
6125 1189 1191
915 1202 1088
2566 982 860
6110 401 1946
1177 1863 1840
5793 678 1170
2338 166 1869
1235 879 840
4924 190 1833
4122 1774 1360
5528 1621 1746
4490 1054 1148
3467 1610 1281
1683 1249 718
3440 1732 1683
3477 333 1847
1883 248 1737
5131 1473 1028
4493 796 1156
1357 1133 1167
3948 1121 658
5037 810 1213
1256 709 1145
4343 1338 1383
313 1535 1398
732 1064 1027
3931 945 683
2718 1124 908
1602 262 1966
2055 1970 1738
3324 1164 1143
6173 1074 992
5601 946 741
5747 301 1900
5451 1458 1191
1745 1201 702
3329 297 1764
4251 688 1140
1855 1496 1491
649 967 998
5076 838 1071
3287 1172 853
2273 379 1917
1190 1597 1195
2943 917 1255
784 792 1060
4427 1724 1278
5632 1006 919
3418 692 953
4437 380 203
622 1030 780
984 388 1816
1274 111 1941
2641 1523 998
5073 620 1058
6101 251 1837
3612 1686 1308
1660 833 841
2265 215 1915
1407 1776 1540
2229 1522 1177
1141 1301 1187
2730 158 1800
6097 1679 1424
1114 425 1916
1690 279 128
41 1895 1479
1269 889 931
4415 511 1897
2597 728 1198
2261 1810 1392
2799 1112 1072
4855 1096 1074
1518 832 1106
1803 684 1023
4693 475 1731
216 1455 1275
3167 1260 1288
5738 1646 1536
3228 145 1973
3234 1157 969
3752 787 1189
5435 1106 708
4331 1123 629
2434 1889 1751
4740 1413 1402
86 674 971
3309 1287 1225
100 1220 1274
964 876 867
3366 366 1724
3354 319 1846
63 1582 1285
2635 1049 1147
4734 724 1303
4849 1242 825
655 803 1177
171 1768 1498
5346 1563 1428
374 1362 1262
2418 1288 1279
4896 313 105
6086 1754 1262
4 767 1235
3416 373 61
3004 1049 866
5414 1745 1453
1564 1230 982
3427 790 837
4747 1398 1380
5382 99 1885
2917 622 1123
4599 253 1941
1236 1470 943
4726 832 880
5020 1422 1083
5838 1402 852
2547 931 1191
445 398 113
604 1770 1412
5879 835 792
1612 1280 1068
1650 1837 1657
1586 1202 745
5026 1249 1208
997 677 1068
5008 1838 1557
2555 1137 1249
47 1142 701
5387 1753 1432
3884 1253 776
4961 1163 819
5097 857 1079
4491 296 1884
5420 865 682
2062 1467 1208
1818 1348 1006
4964 1158 922
2549 935 1011
4386 1362 1352
1885 835 1096
5768 710 1336
1539 383 1807
1421 1655 1404
222 1371 1354
3973 135 1774
4344 1369 762
4635 1317 1244
3154 1191 784
2885 964 764
4731 208 1937
1857 1277 741
2563 927 800
1022 921 885
2677 830 867
4169 63 1822
4803 904 950
5574 374 1973
5784 237 47
3870 1688 1319
2073 1506 1487
4126 864 765
665 1348 789
5615 1096 1243
4064 1843 1621
5766 1590 1656
2475 1396 1217
1916 1358 907
2710 256 1929
274 1779 1724
4459 1922 1457
1439 1655 1167
2348 1473 1132
2131 1279 1106
2390 828 1255
227 696 1155
4178 1474 1445
750 1261 672
808 1065 594
1957 1054 1065
526 1838 1405
6083 1402 1443
4264 1631 1731
6069 947 1145
4766 802 1025
3346 1544 1549
487 1413 791
1389 1808 1497
2042 1827 1484
5823 1274 1284
12 757 1261
2682 1055 1171
4362 1112 1010
1606 1194 941
5322 751 883
215 1389 815
985 1240 826
3105 1168 1226
5934 981 707
1105 127 1886
5179 250 1861
3669 1821 1777
3002 1129 807
1066 925 1064
5171 210 1749
3413 964 1039
138 1338 798
3595 725 1056
4096 1433 1402
6014 1173 1360
835 1587 1587
3604 1318 1313
1156 1105 701
5553 1573 1439
5093 888 1013
1331 831 798
3754 1220 907
3341 895 1133
2766 1919 1590
3060 815 782
2479 789 939
3828 333 213
303 1314 1086
2402 1094 1140
3861 1485 1031
2832 1222 1310
4918 1000 754
5251 378 1920
5465 1325 1029
3123 1288 744
2880 1023 968
289 410 1748
4834 1665 1211
1825 1474 1316
2315 219 1964
394 1162 928
2408 183 1824
945 1473 811
2702 382 182
3386 1693 1704
2282 1228 780
1007 932 935
4328 1897 1583
3858 1718 1574
470 1436 1445
1451 734 1049
2204 293 1707
73 1706 1530
2920 1457 1165
3648 1209 1013
5633 1783 1382
2678 723 1195
1966 1534 1240
1599 658 1085
4120 651 986
5937 1678 1671
1990 1157 754
5644 1031 656
628 896 898
1727 1330 787
5267 936 846
5769 931 795
2196 798 1203
3499 778 971
4552 147 1820
6003 465 213
5836 1443 981
4262 1084 686
1878 415 1927
897 1665 1339
5721 1782 1641
3593 1631 361
5343 941 1146
2670 1164 696
3998 313 1838
5240 669 1181
4805 1699 1294
5232 1017 697
1203 1015 1077
4190 755 1098
2481 1223 1208
6089 1074 1059
1561 1761 1733
508 1052 1144
1024 208 1788
817 1466 1264
3708 1448 1295
3150 1666 1598
1112 709 1159
2697 258 1977
566 1263 995
2188 1786 1570
3094 892 777
6152 1488 1411
548 1135 671
1794 249 1788
3480 1673 1451
83 1265 1282
912 1824 1498
3825 1471 891
5376 1371 1446
639 1238 967
2672 739 975
4575 365 185
5639 1837 1748
3859 805 920
3508 1722 1265
3651 1051 1012
5102 1278 744
5953 36 1924
789 102 1844
4672 1766 1347
2275 400 130
4206 259 1844
3172 189 1953
5714 1585 1478
3421 1458 1481
5803 1447 1507
1925 1211 1324
5507 1225 978
5719 756 1128
4341 355 1791
4752 1291 1278
5741 1297 952
3383 1534 1654
2716 1420 1385
1161 1414 1349
1504 1580 1243
4977 927 733
4824 1207 899
1416 935 619
1530 1078 878
6077 991 1224
4957 1519 1426
1815 717 1025
2152 1334 759
2971 745 1142
5984 1724 1459
5715 1453 1280
2624 1114 708
2383 436 1835
4136 1285 749
1934 1006 1028
2098 737 928
3808 1404 1060
6224 1629 1557
1426 1316 1404
108 1921 1575
5248 955 1153
2325 1465 1172
5370 1171 703
3514 948 866
5494 669 944
4066 1598 1173
5873 1074 632
4712 446 1968
2217 278 130
1455 1511 1569
3803 987 799
4874 949 1103
4802 355 33
2614 1018 703
2827 1878 1822
1753 1618 1419
3938 924 1230
6040 434 135
3423 1744 1710
5190 1324 1133
4457 370 182
3573 1420 882
167 1277 1179
1263 1930 1644
3646 1307 1005
2219 1041 1146
2845 653 1125
2022 1782 1257
6141 1322 897
2172 1003 878
369 1686 1656
4818 1554 1639
3955 248 77
1409 1587 1704
1788 1769 1484
3174 1562 1495
5432 1504 1007
2359 915 1224
5830 737 1329
3942 1277 722
450 424 32
4099 1492 999
2745 1439 1474
5692 1047 1256
3511 967 1018
5425 427 1881
5725 1177 1006
3755 1546 1339
2060 1392 1023
3649 1558 1623
2400 1112 572
3031 669 1249
2255 378 1753
4319 1481 1536
6049 920 747
2651 834 1071
472 258 1816
878 1432 1102
1810 1318 913
3254 975 1265
1542 875 795
3686 1558 1303
4612 1017 1036
349 824 1248
1829 352 1921
5829 1766 1783
2403 1275 1174
4563 1229 873
4553 741 1246
1118 1760 1333
3027 1674 1768
4962 1179 1105
5962 1112 789
3597 1940 1623
3954 1124 1254
799 725 1201
1329 1329 1260
4482 870 882
5585 929 744
2239 918 840
2495 1062 1001
3342 278 1977
2830 289 104
395 1230 661
5455 818 1146
5887 420 1815
1401 1315 1296
1846 1217 897
5292 1014 751
184 1148 1184
321 79 1875
2569 1443 788
2263 1268 1268
4669 146 1747
2657 1615 1492
3737 752 1156
2683 1599 1266
4260 501 1933
4634 1850 1483
2440 1223 1038
1560 1148 879
4604 914 673
2589 927 1136
3580 666 967
567 1162 736
4610 1092 1235
4241 1023 683
6139 1733 1284
1202 1564 1433
4516 1394 1300
999 1189 715
1130 1007 1063
2335 1526 1346
3202 1609 1622
3414 1035 721
1621 710 884
1427 896 1248
2794 935 1070
4518 1122 572
2740 1831 1396
5591 99 1826
549 873 1218
3038 1120 1097
1358 1371 852
271 1321 1327
2972 1635 1761
1454 1025 1243
3589 999 712
8 835 1245
4837 708 1072
29 1406 954
1463 157 1839
1570 1580 1175
2256 1762 1655
5011 1667 1402
3700 604 1300
3667 1001 925
4674 284 1797
1638 1786 1729
4299 1487 1005
4075 1258 992
1551 1059 692
5115 1591 1748
272 781 1120
4399 1227 948
4412 1549 1139
2363 1517 958
502 1462 835
2313 872 817
4284 326 1797
2727 1745 1262
3571 1660 1630
1411 1560 1494
4378 962 981
5722 809 804
1151 1270 1291
1961 1104 751
616 324 37
5348 1461 1064
1962 1886 1767
4729 845 896
497 1812 1519
1040 1172 788
5877 219 1870
1988 1849 1512
5619 1587 1306
4593 1511 1283
3904 83 1863
4430 1541 987
624 1068 1122
5431 910 856
3501 758 1053
3914 1700 1440
4639 948 732
3876 1434 791
3321 1226 1285
4141 1136 845
212 1091 717
865 1010 1104
4447 1219 1000
5377 1380 1484
107 1577 1534
4150 1346 1039
5161 1687 1769
5140 814 854
4656 658 1349
627 689 1158
2046 377 29
3728 1284 1289
2804 1572 1387
4027 1472 1194
1399 1608 1234
786 1106 612
1342 1838 1634
1289 1676 1748
932 1913 1818
4403 1633 1718
4526 1632 1507
1206 748 921
3223 475 1743
995 373 181
674 873 1207
4162 216 1752
531 1806 1268
322 974 828
2802 89 1962
4201 1587 1651
716 923 1029
3839 272 83
772 1861 1436
4414 1336 1105
4442 1090 583
4963 849 865
2470 922 987
6188 161 1838
4895 1363 1163
3424 810 1208
3246 1348 906
958 1212 1230
1250 777 848
2860 409 110
3072 373 1824
2150 1652 384
6071 1551 1560
4510 1519 1154
2291 1411 1164
1840 45 1930
5693 1133 792
5213 1115 657
3599 996 1207
4648 1168 1204
203 1060 694
2632 1669 1575
3470 1114 1230
5883 961 1180
2008 951 1047
5162 753 1202
4786 686 1210
1266 1724 1578
2290 1008 1144
2636 439 186
1826 1591 1589
430 231 43
3844 1527 1662
1275 1261 1136
1231 1126 975
4821 1386 951
2505 1925 1793
4400 1689 1517
5083 1481 1592
5474 964 966
285 461 82
3488 1808 1604
3531 1479 830
670 877 747
6044 133 1787
81 929 686
1166 186 1853
2154 932 634
2599 824 800
4086 1641 1766
125 1163 773
4958 1771 1647
2706 1746 1260
3564 1193 1271
5 1211 1123
3632 408 1841
4499 1434 790
4068 950 1210
540 222 1768
149 1255 933
291 728 1045
1699 974 1129
3572 907 891
4804 1521 1687
1381 394 1976
1898 913 874
5812 1543 1319
1997 704 1346
2552 1936 1594
3871 1850 1511
4273 1228 861
5234 1727 1718
3096 1165 1354
1087 403 62
1816 1304 1020
1364 954 1251
695 1629 1210
231 1035 854
254 683 1163
4647 1387 750
2165 1150 632
6073 1353 1042
3062 887 1141
791 1764 1311
5663 139 1877
3211 1326 1262
6164 1242 782
4857 1457 965
5158 1398 1092
4617 1349 1277
158 1016 977
3299 856 1061
1951 279 134
2366 1174 898
1122 757 888
3399 694 964
2511 1003 1096
2738 205 1971
4777 1284 876
3227 1322 784
1320 300 1803
3304 1788 1444
5509 907 1044
1787 849 1273
5640 418 191
3018 1311 770
989 744 1250
4871 233 28
4176 1163 1294
5135 232 62
4188 1509 1040
1395 1216 767
3143 297 1927
404 1803 1533
927 1482 1527
6230 1076 666
2798 751 952
5606 252 1757
3300 1430 804
4572 1332 1063
3195 598 292
923 362 123
2300 1363 1183
645 1649 1532
4535 1064 623
5423 1010 1145
122 700 1125
191 409 43
4213 1220 1221
134 1291 1186
500 734 1214
3935 720 973
1836 1755 1480
3460 1177 683
208 1405 1385
4226 1370 1208
2703 1200 1069
4023 1443 1185
2024 1633 394
917 671 981
1242 713 1121
4549 1860 1616
5189 1584 1663
5045 1465 1492
3239 948 930
2043 1045 1200
3451 811 1133
1470 324 25
768 1830 1349
4581 1721 1365
2439 1666 1171
4640 1132 982
3568 1446 791
5325 1392 1149
1548 1108 1145
3626 862 706
4268 1816 1733
1677 1311 1404
3598 892 740
1766 832 752
5442 684 1061
2785 316 127
2139 1909 1446
4183 1408 1525
4037 298 60
2652 1888 1738
4479 1764 1763
3561 370 77
1011 1953 1681
5625 1143 1255
584 459 126
2191 1551 1114
4564 1211 967
3322 1159 1110
920 673 1325
2892 1555 1697
2199 993 774
5111 217 1828
3279 1277 1086
832 398 1778
2808 1474 985
5358 1237 1171
4171 276 158
3438 1939 1743
4285 1718 1229
1062 913 1250
3502 1969 1770
5464 983 690
2840 709 1310
1768 1560 1361
4230 1209 1333
2405 1780 1478
4312 1686 1698
4101 230 1963
175 33 1935
1514 1578 1310
2924 1251 787
3217 171 1831
1636 1183 1361
966 1856 1498
2819 1806 1458
4606 1768 1357
5299 1345 1388
5681 1096 1014
810 423 1942
1285 397 1741
2399 1193 1296
4031 401 42
5357 1923 1600
2387 942 878
3051 1336 776
4788 1285 934
853 1273 1228
1977 224 1838
1170 1879 1806
2184 1599 1204
3602 1543 1247
991 352 1779
1391 719 1150
2986 1138 902
4608 359 196
4209 1229 1038
3128 1187 936
571 943 815
34 50 1934
1019 1475 1189
4630 1456 966
3149 1146 867
2536 1290 746
2539 1237 741
263 794 1075
5610 778 1220
2375 1625 1158
511 968 1166
2714 997 919
4947 432 1864
3807 1761 1685
5733 1169 1278
1704 55 1869
4346 820 1176
1344 353 77
182 1809 1567
3972 1411 1336
6009 445 131
5015 1715 1274
1150 636 1333
3220 1340 1186
4771 1283 969
475 1096 1081
6065 240 1914
5544 1348 900
1682 1821 1844
3569 1291 1163
5986 960 1132
2036 468 78
270 1818 1764
1595 1504 1388
4234 1480 1253
2976 746 1333
781 1402 1292
2784 1721 1415
4471 1522 1420
924 1078 1277
1396 425 25
795 1552 1175
330 855 691
2013 767 1167
2132 1124 1146
3620 826 793
5281 1123 983
2828 1856 1601
3787 211 1829
3682 1897 1437
3679 891 906
2545 834 1236
2520 1645 1333
3721 1470 903
368 362 1941
5422 341 195
744 209 1917
505 993 650
4394 918 1236
5919 160 1809
1014 1742 1254
4046 1047 676
5794 697 1182
973 43 1929
5154 436 1928
2691 307 1793
442 1433 1277
145 976 1040
6093 1305 1092
6159 1725 1226
1473 1292 1373
1212 655 1105
1918 1611 1670
5558 374 5
3905 257 1891
949 1952 1612
3730 78 1952
621 1667 1571
5060 1629 1219
1 755 1070
1217 1366 1350
2811 1251 1297
3688 805 890
5787 1181 1333
633 1132 576
1233 1766 1332
4676 1408 1538
89 1421 1427
3245 1300 717
4300 462 100
1035 1555 1558
2322 1442 1057
5270 1125 706
3056 458 1959
6166 1863 1844
1585 1260 733
5645 456 194
650 1281 967
5846 471 1798
473 111 1788
213 320 1693
2571 1553 1253
1031 717 922
3066 1629 1768
1432 1306 1220
5708 193 1753
4801 1287 860
153 1196 662
4909 1761 1260
2849 1264 828
1117 1151 936
5897 1071 857
2061 1014 649
3610 990 832
308 292 1854
452 1656 1675
4546 1367 841
3118 1335 1256
1200 876 770
2645 751 957
148 678 1037
262 1894 1571
3526 685 1130
518 1102 812
2591 74 1835
693 1486 935
4533 985 724
6171 217 79
3615 1452 1159
3126 753 970
4391 1283 1283
1417 1215 728
4196 304 1693
3833 1767 1389
612 1672 1267
5133 1784 1443
3284 1713 1318
4494 859 1191
952 1767 1674
773 1323 1186
4953 1182 1199
4862 1837 1581
2534 801 1245
3698 139 1742
5975 1572 1382
474 1530 1246
565 1450 1353
4222 754 1236
6144 1109 627
1013 748 1041
986 1507 1171
4369 1451 1488
6219 708 1044
2732 1895 1762
3298 1816 1448
703 1918 1632
826 1443 1404
2595 793 1198
886 218 1921
4102 184 1787
2397 35 1901
252 1524 1490
2369 984 966
5243 1899 1441
5203 1423 990
2066 1396 821
3463 1287 1238
2326 1139 970
4792 1165 835
4432 1694 1721
4322 1128 1244
4707 831 863
5231 399 1900
2050 1599 1706
4232 1088 694
1730 1367 1029
2565 980 754
1600 629 1097
3699 1749 1350
1095 1735 1238
2393 1046 760
5881 632 1133
824 1379 1423
4392 1077 1263
2543 267 1925
1359 1744 1223
2254 1431 1111
4705 1962 1760
5001 1651 419
2169 1208 932
1821 482 247
1575 126 1801
3127 1092 983
141 1236 981
2888 922 1037
5827 100 1862
1010 1601 1488
4506 1502 995
2108 1475 1518
4851 696 1191
2990 454 1976
1587 1418 809
5309 1015 1086
5250 203 74
3323 1894 1806
4380 900 972
2962 763 1292
2649 1571 1338
1376 1474 1491
2296 1437 1056
4045 697 962
5476 68 1835
2510 1909 1494
1811 1726 1819
4782 1356 984
1569 1019 629
4746 941 778
5932 309 1830
1973 1035 576
811 735 923
1038 1833 1463
724 1575 1255
5496 751 960
4065 682 1362
2213 387 65
992 1553 996
5654 1441 784
3557 1608 1413
5289 589 1294
4799 756 969
3516 388 1732
5469 874 888
427 423 1810
1519 1460 1309
5922 1494 1209
2003 739 1096
4748 1682 332
5514 1656 387
4596 948 1032
5542 962 1009
1489 1618 1185
5034 1151 769
373 1753 1728
267 1410 1509
235 750 1239
3766 1472 1152
813 1491 835
426 281 1767
2168 1633 1772
3549 914 1241
2937 833 1201
5611 1850 1494
4016 1796 1375
3767 1578 1711
1721 1489 1013
6179 1220 1231
4441 1326 1159
5581 1336 1298
4195 746 1235
5224 1762 1447
3481 1632 1692
3991 1388 835
1911 449 156
2081 180 1920
1667 1111 699
2345 215 1755
4605 1781 1675
1626 1025 1152
4489 268 183
5772 1459 1138
4832 922 765
573 1010 1149
5089 126 1799
72 1693 1667
2580 434 229
3375 1036 1246
2441 884 724
277 981 699
2083 354 1899
2631 225 27
4571 1078 615
4607 1451 974
2801 980 1094
4419 1658 1620
3716 1583 1458
1120 732 1218
2332 1739 1400
5999 1957 1696
172 1400 928
3953 335 246
4239 1952 1762
2211 401 121
2537 445 1767
3694 1964 1744
1408 1538 1492
5211 1088 979
179 670 1188
4408 1791 1742
1410 1869 1378
4565 1119 877
4773 1533 1311
946 1283 1044
5280 1268 956
432 751 873
5723 1201 872
5963 871 1279
560 1360 1363
5112 666 1359
3627 1927 1837
5547 1389 1463
4032 1353 1054
5870 101 1962
1398 1549 1527
5253 1003 993
5013 1766 1298
2347 1762 1194
3473 1734 1713
5072 1505 950
1672 1051 1218
950 633 976
3794 463 1729
715 1625 1312
4930 1410 1095
1765 359 288
1643 1141 762
1922 772 955
82 918 1211
3048 1757 1571
1823 1576 1434
1081 1307 942
720 933 1255
5242 921 1112
257 774 1234
2448 1188 1034
5255 219 1836
1913 1586 1244
2018 1418 919
1757 1295 704
260 961 960
292 339 32
2445 399 1758
65 1228 629
1559 1152 919
1167 912 1241
436 347 1681
921 228 1923
1003 170 1790
5134 1723 1315
4433 363 34
2715 1151 873
4566 246 1803
3949 1774 1546
3921 1361 1113
1351 436 243
3445 419 167
237 243 1978
3862 210 1753
1634 1811 1359
5735 1141 1190
3874 428 177
2898 360 1799
4722 733 1249
351 1472 1289
1579 1001 1231
3960 977 637
882 179 1968
2324 333 1780
1378 934 1149
2681 764 1220
4117 678 1237
3069 1120 1059
6126 1825 1764
3847 1076 1096
5347 1477 1442
3661 1205 1205
1952 1381 829
1521 1004 1170
6236 1691 1317
5099 1314 1109
762 693 979
4294 1683 408
873 985 1265
1642 819 801
1229 65 1855
5142 1897 1717
4570 1471 1016
846 1295 977
298 512 1931
348 1186 995
5005 1910 1764
5806 1275 1263
6120 1360 1283
365 1703 1706
3388 719 940
5990 1658 1798
2311 1572 1564
4434 1245 1115
120 1206 1106
6193 1766 1448
3091 1478 1109
5629 1399 1212
2423 148 112
2480 1105 659
4449 716 1362
2721 715 1180
5959 1409 1186
5401 1170 1135
3261 749 1094
503 1134 982
2882 883 1045
6123 1566 1405
5765 980 1015
4791 472 192
147 401 83
3170 1821 1412
1799 1448 1359
6231 911 695
2751 1365 790
4286 957 1072
5106 935 853
3070 309 1814
4798 271 1890
1093 824 1045
3854 127 1839
2586 1868 1760
1154 1194 746
620 367 103
6029 1167 1146
3219 1823 1238
3293 1417 1402
4112 1071 971
2933 399 1886
3725 1153 625
293 1669 1634
5052 1631 382
2638 798 1113
748 1051 1196
3456 854 857
1162 1080 1019
1804 1538 1314
586 1622 513
4266 265 150
4925 217 1804
3796 772 985
5023 1653 1500
1030 1615 1213
6168 1227 1288
5027 900 1269
5696 238 1783
3131 1933 1483
1984 1523 1690
4845 1272 1283
1775 1178 721
617 931 822
5447 1520 1492
3652 1536 987
3050 1492 1009
1123 1209 697
5186 1372 1089
5164 753 1018
730 1817 1811
5712 1579 1278
5062 1349 1332
94 1132 1291
4410 1585 1718
5649 1072 694
1354 709 1116
1356 228 1953
2049 1412 1028
3892 935 1145
1780 721 991
841 1526 1579
152 1272 783
4587 1064 860
5017 1737 1304
4843 1186 873
4819 836 1071
5888 1028 989
5760 54 1949
667 1458 1203
3674 1823 1518
3678 1259 1219
829 1128 718
2411 722 1039
5202 230 1821
664 1376 1361
5033 1191 912
415 631 1359
546 60 1898
3842 1795 1493
1178 1456 1172
4054 1202 765
4021 1629 1405
4484 448 141
414 1893 1547
3797 1766 1571
4853 1141 624
2506 872 719
2333 395 1823
6202 1033 1016
2068 1542 1621
5666 827 806
5454 830 785
5206 950 1218
4949 642 1095
5470 1770 1669
5264 1685 1303
4592 1638 1747
2299 1645 1581
948 867 803
5285 826 897
2522 1906 1797
5954 750 913
3835 1899 1735
2889 1862 1457
4025 1457 1518
4240 1417 1440
1126 1130 1159
827 905 871
4838 326 196
1039 845 1206
3806 757 1091
1291 1674 1416
3358 1017 728
4662 1041 643
4121 1173 821
183 701 1196
998 1656 557
6048 1301 912
355 224 1723
3813 1092 740
1082 802 1308
5288 165 1881
5996 1896 1662
4316 1353 1300
5321 925 744
5813 1880 1817
1697 1450 777
1437 1795 1427
5706 1538 1358
5931 793 1085
6245 493 1938
154 1452 920
2053 1282 1097
3809 235 41
3696 1881 1764
4631 1688 334
849 1944 1771
1662 1605 1621
3054 756 1114
5487 1566 444
706 1018 1188
5500 1718 1399
3601 1570 1373
1370 991 842
4478 1862 1721
1835 728 910
5634 1867 1627
4313 1749 1447
1205 1452 1067
2728 577 271
5400 447 236
6210 404 1834
3717 292 1977
5993 1400 1300
5911 861 886
5239 416 3
4716 312 37
974 189 12
3238 1437 1386
5181 1145 669
568 954 1149
4706 704 1068
646 1520 1301
5647 1652 1681
1055 688 1244
3616 1198 1007
4165 929 786
4128 1904 1622
1456 1594 1806
1419 1718 1462
2126 838 1065
4396 213 1875
4153 1811 1623
1709 1476 826
5156 1237 1280
3608 391 177
559 1686 1196
1715 1064 1302
1716 641 1101
4955 298 1931
752 1594 1313
654 1532 980
342 1456 1586
2070 1130 890
2556 826 1161
1461 1691 1560
3138 1383 805
5341 1940 1515
1234 1805 1397
3745 1324 1081
4641 1140 1193
1936 1708 1239
844 1430 1473
74 1106 592
4043 1276 1228
4426 1149 863
433 358 1825
4375 1725 1318
5991 1524 1641
2272 717 1300
5360 1294 1399
1182 1302 746
4083 707 1361
5843 591 1301
3778 1481 1202
2684 1534 1476
1443 961 702
4160 1363 918
39 1405 1409
5411 1065 1093
1077 1102 1092
5059 834 811
4383 1706 1506
5552 1407 791
3462 762 903
4355 1585 452
1954 894 1001
2863 695 1073
5410 206 1745
5539 1386 1358
6151 235 1850
2197 1133 1240
4975 1482 1242
4982 1661 1381
4372 1114 1168
3173 1536 1540
5175 339 93
5680 1598 1684
5086 910 766
3614 1619 525
304 1567 1668
4960 1097 1122
1363 29 1923
448 901 1119
1748 492 1973
5992 1806 1649
493 1636 399
3761 1503 1022
1927 1213 1253
2153 441 189
2756 1613 385
2583 1254 1270
692 778 842
2941 1632 1147
2269 168 1740
4287 1793 1799
1098 1059 613
1890 775 1145
2460 829 1125
5459 1437 1412
4719 190 1944
5012 1831 1579
1526 1470 1490
3738 1473 916
2711 1398 1164
2923 242 1919
2626 305 1945
3719 1524 1322
2977 1265 796
5746 1775 1522
2143 1669 1213
1731 1326 1397
2904 1010 1225
1402 867 906
2521 1429 1141
1115 1795 1191
6082 1697 1771
2136 1672 1146
593 1428 989
2486 1330 712
2001 1722 1404
5951 1334 1022
3429 1295 1270
5817 726 1094
5837 1167 1363
591 929 650
3970 182 1868
2198 196 1903
4562 1432 1317
3206 992 717
4578 963 986
5019 1603 1589
1929 1047 1296
1843 507 186
1258 1738 1806
84 1768 1362
3908 1312 732
4187 933 786
3278 1197 1053
504 1202 1292
438 869 1309
4042 1700 425
2182 1600 518
3705 717 1334
185 428 86
4813 275 87
3529 1768 1273
5404 1412 1530
5968 1043 860
4643 874 1246
4585 360 1719
3780 984 1082
5646 313 40
4761 1941 1502
1027 498 1907
4772 1611 1307
3500 1824 1598
3585 1826 1382
2936 1743 1494
2469 1386 790
389 1460 997
5679 1181 954
225 166 1878
2810 1597 1253
3710 1441 921
2052 1192 730
4103 1558 1273
3528 1379 1388
2464 1157 842
5821 927 692
770 881 1033
5682 393 100
5149 1851 1442
5277 1736 1306
4379 1280 1213
5637 433 224
5041 1649 1507
4614 1423 833
3303 1052 756
4060 445 78
4177 193 1809
2483 1515 458
2813 1362 922
2175 1239 730
3308 1222 1078
2316 1143 1083
1785 749 1066
2412 896 1229
583 710 1241
557 406 1942
2388 361 250
1070 1188 687
4976 978 944
4334 797 1054
3008 1493 927
3915 1896 1424
3628 1825 1508
754 1603 1115
6220 940 1076
6208 1287 765
4109 1062 635
4994 1084 610
3894 479 128
3305 1698 1278
5627 809 1093
4620 751 1213
5188 1277 1154
4820 902 701
3827 1044 1056
3253 457 1898
496 1528 1154
1172 1870 1836
4118 1025 698
3392 62 1863
3928 1722 1195
1018 537 234
4013 1618 1457
1246 354 16
2792 457 1945
5393 1592 1720
2796 1418 1172
1153 1318 1282
3205 992 1148
5413 1828 1648
3743 1845 1419
3988 1649 1179
4665 1578 1132
5970 1317 1094
6011 1090 1000
5761 1852 1766
4776 1775 1652
2125 1679 330
2839 386 1908
190 1703 1433
4733 1670 437
4582 1372 1179
422 310 33
4259 1634 1188
4543 1006 982
890 811 1258
5690 286 47
3742 1813 1562
4067 1623 1440
3978 1762 1721
2578 1500 1398
2806 1469 1426
1365 1340 1278
3093 970 1237
1332 302 1707
1702 218 1801
87 1896 1473
3255 941 1103
5906 927 653
6239 839 1311
1029 1678 1179
3857 1297 868
3641 702 1330
4621 1747 1371
6054 981 1130
1091 948 986
1020 677 1156
4697 332 1812
5860 1640 1783
2978 596 1106
4091 1473 1461
2938 997 805
2859 444 1738
4986 1246 983
1947 1163 1359
5854 364 192
1469 874 692
3361 329 283
698 1887 1612
5339 1770 1712
4056 714 981
5795 152 1887
972 1553 1590
2428 1369 756
4967 1461 1539
3270 1189 741
5802 438 1907
140 1765 1351
5070 1724 1442
4468 1155 1204
5148 856 775
4660 720 1163
1912 316 179
2075 1450 1093
2758 494 1912
2122 494 130
5929 1157 1283
3877 1130 1226
2744 1967 1507
1049 833 985
3490 1714 1249
5183 1528 1442
1797 1192 695
5779 674 1198
4922 1056 738
3718 948 673
899 103 1781
4891 1839 1760
193 1150 907
1802 1218 1207
144 1853 1508
5863 1340 1177
3841 1066 1237
3033 803 843
4858 380 281
5709 1612 1639
5525 818 1054
3452 339 1791
975 1045 1196
828 822 756
174 1735 1483
3582 1035 610
2319 707 954
3980 1547 1545
1360 1326 913
845 906 863
3897 273 1861
4073 1147 747
2476 978 703
491 1545 1463
4041 1904 1549
4695 1820 1454
2115 1422 1533
2422 915 747
1385 1688 1568
1527 1343 1337
5788 1385 735
5215 777 1025
4717 361 73
361 669 1107
197 1829 1719
4277 1673 1719
5118 1581 1177
5434 1857 1466
1425 1273 1124
5566 1114 760
5369 300 1681
1762 567 1323
1576 116 1885
4789 1321 1251
5671 925 739
486 869 1188
2707 1378 1197
306 1114 728
3 229 1909
4580 137 1823
1781 67 1952
1949 1899 1836
6128 1192 1248
5580 1136 972
1904 364 1971
1689 1292 881
249 916 900
2619 1596 438
3116 1405 1014
4912 868 1087
3256 275 1789
4092 1952 1733
2909 1576 1137
4456 1515 1243
5187 135 1748
510 1482 909
2208 943 1137
5923 1943 1685
1383 1317 1315
2809 260 147
1986 1024 1233
5995 1015 563
4683 947 657
4704 158 1872
3007 1392 1275
3420 603 288
2186 812 1188
2743 601 1115
1568 1773 1661
2034 1337 1014
2891 737 1048
3145 420 73
1260 1787 1758
3775 1476 1075
4421 1199 729
700 779 1299
5942 488 149
960 1673 569
5254 1097 1053
3740 1214 1356
4438 1105 870
1418 1874 1723
3089 1435 750
4384 1603 1429
2731 1114 575
3647 964 1245
268 1181 1075
6194 1396 1077
2568 1245 964
3836 1171 1195
4915 931 775
131 1654 1578
2310 1352 779
2148 272 201
822 1644 1748
4749 1140 1221
5530 427 1744
3712 1435 1338
2846 1289 1253
2735 379 58
4611 356 118
3594 1008 911
5867 1655 564
1719 1607 1149
6155 1122 881
1067 757 1082
3723 1444 1036
4907 1267 1282
1653 1661 368
554 1596 443
105 1208 1213
556 618 1324
5819 1316 729
1193 1639 1358
743 688 1268
5847 1874 1445
3347 1049 1039
4307 440 125
5043 1844 1249
2380 1498 1418
1097 1465 1213
861 1000 1307
5950 979 1190
421 1743 1297
3373 1140 1075
2285 978 687
4827 1597 1359
5941 1410 632
314 1276 1226
717 1013 689
4359 1565 1356
5332 1218 1112
4514 1164 974
6098 92 1882
3099 1388 842
2344 1150 829
4568 393 1746
4609 183 1779
5405 1799 1400
3703 1176 1143
35 910 734
5354 888 622
1852 1172 777
4306 1136 778
3773 1022 1181
5771 925 842
4480 1744 1484
4574 971 771
5169 233 1707
4142 134 1801
736 1763 1144
587 1599 1588
4780 532 224
797 234 149
2890 1020 1089
3587 877 1267
1507 1261 1152
2250 956 1229
2307 1778 1765
6016 911 752
5438 1728 1228
541 1672 568
408 1406 1378
1247 1238 1114
1978 984 659
918 1618 1528
767 1207 783
469 1181 1164
1563 1029 556
5905 879 843
2708 705 918
5600 434 122
4554 349 24
5014 1458 1135
2089 1475 871
343 1367 830
5774 311 131
659 1401 1201
4730 1967 1776
1554 1116 985
1224 709 1065
5880 739 1105
5373 1709 1666
3993 1098 992
5397 1049 1292
4144 1565 1010
4305 1369 1012
2223 1138 608
1116 1717 1728
2117 1682 1737
5786 1646 1214
2384 1063 786
1502 1772 1481
206 1372 666
4147 1507 1245
1377 1523 659
872 1450 1174
61 951 1015
2579 1782 1564
4721 1650 546
5392 1623 472
911 1950 1681
2382 1922 1654
1763 1652 1624
733 1622 1807
5226 1495 1040
888 1364 1446
2570 945 1001
3371 672 964
971 293 165
3638 1623 399
1132 1103 833
1076 1498 1027
362 405 172
990 260 37
1259 1299 778
5971 1059 659
4113 903 1103
4204 499 106
3085 333 235
5308 681 1034
2761 620 1001
6156 1441 1135
4527 1379 1273
5381 450 126
3476 1230 1008
2487 1192 655
3933 1106 677
2076 1087 745
326 761 1209
1509 524 1918
2218 1707 1216
2023 1136 1281
5055 86 1831
2297 1534 478
3818 1795 1633
1833 1202 929
1506 394 1779
2478 1050 1221
5402 1749 1335
2063 1179 1329
590 1114 1199
509 1615 1403
3966 1343 1294
1428 1237 953
3457 540 220
3505 1215 1288
3566 1360 969
5090 620 1034
4149 1865 1589
2232 1760 1328
4521 1010 903
5704 834 1314
339 451 57
3251 1839 1874
4080 180 1862
381 1873 1387
1012 1307 958
1960 1695 554
6147 1607 1158
2942 837 1221
5406 429 187
3412 1049 744
1680 663 1063
2660 394 1748
5801 94 1949
5651 101 1876
2886 1486 746
3496 702 1006
6255 75 1774
3977 1562 1312
2082 200 1704
5642 1664 1552
2488 1450 1013
4140 1235 1287
951 1185 952
5513 1018 692
5071 1674 433
2459 1604 510
384 1017 1030
5192 347 104
3316 874 1233
5595 295 1914
1072 223 1825
3368 1436 919
6012 751 1245
2554 782 954
1903 743 1328
2466 1209 1095
2472 464 1883
1191 1214 1137
299 1158 826
5128 1474 1010
6122 1006 1101
358 1514 1580
5842 959 842
2834 432 221
1152 1811 1618
4544 1699 1285
3551 1317 1326
3887 1291 1221
4005 448 1960
2763 242 1750
2212 1762 1180
2919 1516 999
3078 974 1055
4797 1556 1652
241 1528 622
3160 1489 1255
3562 1460 944
1127 972 645
3609 926 964
3345 1931 1580
3314 473 1796
4928 1369 826
5079 1203 739
5587 1286 984
709 1747 1248
233 721 1251
3044 1519 1170
402 1460 869
3722 1153 695
188 455 187
2 707 1063
1921 1911 1753
37 1825 1807
1209 1765 1226
4677 179 1742
3265 161 106
5150 574 277
4387 1196 659
516 1946 1620
638 1330 1252
2262 1073 980
3377 1063 644
3899 944 1160
3676 533 246
1063 895 1029
5471 1379 1044
3795 671 1307
3709 348 1788
4500 1747 1572
3224 884 1272
443 1728 1687
5101 233 1889
3430 1711 432
3097 1555 987
5174 1110 834
4208 786 913
2096 214 1957
2099 1960 1696
307 1106 653
4591 455 255
4154 1091 685
5608 1515 1590
4657 642 1082
3882 716 1319
5734 576 1299
737 1019 1196
5366 1788 1302
5209 1557 1581
3465 1482 1076
1891 941 797
4055 846 1160
3397 806 1053
4081 628 987
4688 213 54
1899 1505 1030
2947 298 1967
1932 1804 1337
807 1445 1114
4283 1139 1280
788 238 1958
3109 1403 951
1807 1200 1038
5326 1035 921
1670 276 1889
2760 1842 1377
5814 1765 1451
5295 1166 653
166 1019 771
4123 940 682
3873 420 1857
5461 387 1739
5152 366 384
2787 1597 389
1346 1373 1423
3690 1340 1066
441 763 1010
6203 419 1956
119 107 1889
5024 107 1837
5683 1320 1120
4929 1239 780
5324 1010 953
5022 1432 624
4767 1213 869
4559 1929 1499
524 1407 1081
4098 1686 1421
4745 1638 1703
3013 1535 1372
2432 839 1271
444 796 804
3336 1689 1272
2696 1352 743
3840 752 1185
2409 1538 1484
3426 1047 1011
2244 1551 1418
1692 1420 1075
2824 1357 969
928 1065 1071
2837 997 910
3225 764 1127
4095 1770 1354
2289 1052 665
1693 1913 1706
2086 1342 1296
5955 1130 731
1478 777 871
3555 1680 311
2610 418 39
2762 1573 461
3584 1912 1622
5297 964 1122
2242 827 1195
3349 468 1857
3363 1574 1318
5427 1433 761
5460 1001 1133
2544 1851 1411
4992 1292 1264
1053 1562 1398
5473 1193 785
3576 1609 1247
387 1524 940
5695 1437 906
5486 926 588
968 1616 1297
1338 1422 1307
1945 1450 875
4501 1401 1279
456 1267 1356
3800 1915 1762
4702 311 181
1845 1400 819
340 1737 1430
6213 1454 1302
2095 1376 1469
3956 1191 655
2354 1157 669
837 970 779
1711 913 972
6174 253 134
3433 199 21
4475 1632 411
3120 1314 715
3378 1238 1191
25 1208 898
4308 873 853
1222 1631 1769
802 1465 1243
3165 1489 1158
6111 809 970
146 389 57
1540 1485 821
4235 1337 1393
1210 711 893
555 493 177
1651 1826 1621
1516 1087 1296
4785 653 1113
1884 1622 1141
2950 918 1137
729 345 1772
5770 715 1063
1125 339 1711
2816 1607 391
4670 1505 1636
935 1429 1400
4985 1370 717
4320 484 73
3214 948 642
850 704 1054
6253 1551 1538
943 1709 1677
2072 1891 1789
980 799 914
5889 187 1964
2020 416 255
600 362 356
3171 1369 697
6105 247 1890
683 1835 1445
2214 378 8
4354 1940 1566
1294 1729 1476
1582 1832 1510
956 1517 1574
5084 1172 654
1596 1114 582
2195 995 1229
6251 1009 740
2676 408 1933
2114 373 196
3981 55 1932
3822 1564 1111
3924 1099 1240
4297 1401 1183
3898 1707 1154
4353 812 1034
3285 378 287
996 1161 725
2420 1299 1041
5274 1234 745
2202 824 1169
4200 671 907
2492 821 1326
1752 410 1819
2699 1247 766
2987 1466 1038
4216 963 826
3727 270 1702
3032 1021 780
1393 963 1057
1678 1675 1548
969 419 1961
4910 207 1831
2817 1306 1397
3053 1734 1723
779 1532 1352
5926 1389 1334
4636 1735 1839
631 1335 1092
5356 1320 1127
2252 1001 1273
5825 347 180
840 1633 1467
1017 999 964
796 1617 428
3527 1687 1719
4435 1400 1057
3591 420 107
2360 382 1842
774 1765 1432
4405 323 93
2149 1206 638
280 1003 671
2582 1870 1816
5590 1381 879
2235 1259 926
4892 1110 1250
3259 484 86
316 1432 1065
494 1428 987
5223 1199 1278
4486 201 7
1741 1343 988
5221 1102 910
3713 1013 628
4157 1194 790
2690 1333 1150
4440 928 606
1722 1657 1668
5244 1600 1761
3860 1363 1313
4318 382 0
597 265 41
5660 1503 908
1995 1156 965
2002 831 1241
1948 1773 1707
2642 472 1943
3891 1411 855
5822 1088 1113
2821 418 149
1465 1069 869
2330 608 1117
2836 1317 1118
5917 1029 1285
4448 994 762
4511 1556 964
4836 1166 970
904 838 850
4917 1864 1501
1089 608 1309
2248 1554 1382
3264 1429 1303
3187 1263 1344
483 826 1310
4768 1774 1766
2605 1731 1220
246 331 39
5546 1557 1703
979 1413 1412
1976 929 738
5138 673 1267
1268 290 192
3644 294 145
1879 1846 1818
1295 1549 1161
3760 1218 885
1165 1519 1143
987 1284 1216
2453 1012 537
4711 704 1020
2759 1477 731
3043 994 860
2356 947 991
5538 1776 1220
5450 1296 968
2278 1224 1243
5874 993 1185
3790 677 1333
2807 524 228
6131 493 156
2194 87 1931
1462 1517 1001
2450 1278 917
3607 1565 1345
5871 770 1307
2612 1303 1057
5157 1947 1739
4615 1642 1810
2577 1595 1358
1501 1504 1444
977 1524 462
2113 1641 561
3102 802 1131
563 765 1048
4931 410 1775
3319 153 101
5200 1279 868
4194 520 110
214 312 1977
3848 1413 822
644 1382 645
889 1639 1796
5439 1249 820
896 1052 1164
507 794 1095
1232 465 1756
6072 1944 1498
3995 1429 559
4560 226 1688
5928 233 193
1405 1667 382
3967 1353 1259
2628 1603 1743
5707 1385 1167
6190 1159 1228
3985 690 914
3965 1587 1193
5468 341 1840
4602 858 1076
1963 640 1296
1882 190 1710
5796 1016 758
3244 954 1059
5107 1795 1273
4097 1522 1250
2795 861 751
1286 429 41
4793 75 1959
243 738 1237
820 596 1338
5085 1926 1669
836 1391 1393
3087 876 716
3286 281 39
1865 1588 1698
3879 1336 1324
3711 1187 1354
4503 445 118
883 1564 995
1876 1267 1259
1375 922 1207
2327 1335 1116
5095 814 761
5136 1186 787
5948 1705 1250
2045 1331 657
5869 956 947
1296 1788 1460
3990 158 1757
3000 679 1301
3805 701 1075
0 646 1361
3071 199 63
4261 1749 1676
3114 1069 629
377 588 276
297 1844 1768
711 1370 869
821 1301 1404
5130 1219 763
891 790 755
544 1652 1402
2867 567 259
3621 270 1912
4784 179 1913
1801 1319 1285
2389 1156 848
2079 1051 1061
5002 885 1008
1379 909 625
5230 464 1865
5866 239 37
6055 1804 1568
3504 1456 700
3011 948 1255
1705 817 972
578 1494 1320
5477 918 911
5811 851 800
913 472 184
1300 1142 1150
2341 1108 904
942 724 1288
3194 1620 611
1710 1462 1535
3369 1677 1729
4402 1611 369
1025 1767 1157
1739 1186 923
22 971 1022
1000 646 1102
1004 354 228
5210 1683 1429
1510 1054 851
1842 1864 1612
492 1625 1663
4826 1048 564
1394 1783 1634
5980 472 1845
1243 1162 586
4406 1091 1108
3135 740 1122
4076 198 1874
868 1733 1311
6244 1419 1023
684 1087 590
5394 1336 1290
4010 984 1229
719 708 1356
2312 423 257
6232 1551 1251
4186 505 1839
522 1144 969
224 1635 1622
192 1071 772
3695 1009 1060
5098 1480 1263
3997 938 706
5767 509 266
5983 1674 1781
4588 1547 939
2177 1316 1148
5056 1414 1494
399 1441 1361
1094 1248 1102
1700 1777 1537
14 798 1126
3040 94 1970
5717 288 86
3022 1464 956
54 349 285
2286 1853 1761
3291 1280 1004
2071 425 55
4333 179 1834
3957 1689 343
3763 1470 978
3113 859 675
1476 806 1189
1288 750 1086
5907 1850 1465
5622 1833 1241
4288 802 1076
50 1313 1352
4466 743 982
2662 1668 1565
2855 1631 415
4184 1168 684
5899 675 955
3765 291 1891
3144 1660 1149
5676 1584 1360
2991 1008 1291
6200 1808 1323
4323 1679 554
2602 1605 427
4337 1256 1405
3235 995 797
5104 743 1235
5754 1137 747
3645 1808 1492
6045 1768 1721
1873 1348 1482
5908 1137 651
3546 483 221
2151 1488 922
6118 364 1811
4923 1702 1210
2585 1020 583
2171 947 680
15 491 83
3212 1896 1492
3201 496 1953
5669 1420 1369
4737 1421 649
4063 1382 1147
3139 1462 1484
4215 940 802
1326 1590 598
2865 629 1339
1688 352 231
4029 271 1651
1590 1377 1482
479 1480 1625
2284 868 1297
5526 43 1935
1671 1755 1841
5805 1178 1280
1784 347 1725
1241 83 1856
5840 1903 1664
1129 1643 1021
186 1101 875
5196 764 1188
204 700 1103
2421 930 762
4667 882 874
2473 359 1910
3001 1902 1444
2489 1255 1252
2803 1807 1656
2147 509 200
3181 1832 1782
4974 1648 1266
3542 1507 1338
5939 1026 1005
3124 1698 1530
1915 1222 939
1390 854 1193
4633 1661 1536
6000 1538 1676
269 1508 1045
5293 1209 875
4904 355 100
6080 1250 975
5333 922 677
5428 323 253
1614 655 1118
6033 1785 1360
1505 1743 1406
2121 390 280
5744 1739 1330
4000 734 1181
85 378 1792
2027 1306 1295
6234 1145 1138
1253 965 1290
4769 678 1218
3075 1591 1699
1340 1105 881
5594 893 712
755 478 1845
4842 1659 418
4256 1305 1370
2689 810 1147
5677 763 919
5562 1062 740
2334 609 1190
4589 1912 1698
4100 1181 887
6010 1395 788
1131 757 1246
3098 160 1853
1334 1345 815
3895 1931 1761
5064 1580 1477
5900 1619 1264
5054 1465 1224
3829 1153 1178
1895 1003 1071
5389 270 1965
5875 1433 771
2843 963 1230
2127 938 987
5816 776 1003
3941 735 1020
2778 1700 1727
3734 464 250
5275 1545 1592
4540 1545 1260
5374 1208 688
4301 492 231
2093 1401 626
3640 1038 670
168 367 262
3182 1682 1650
5756 1690 437
4613 1570 476
4199 1466 1576
2124 397 129
2028 328 1847
423 324 180
6088 1599 564
3086 1494 1516
838 1096 987
749 1052 1151
6216 1972 1794
1668 1508 1122
4723 1286 1274
4139 872 1093
2253 1465 1301
1987 1074 1273
2639 832 1091
200 729 1255
2592 1838 1729
6063 1211 1271
6246 1191 883
3910 378 0
49 202 1776
4808 1697 1778
1057 1608 1139
5467 1642 1210
2029 1160 658
1279 1807 1865
4347 1734 515
5844 1279 851
3186 831 1249
2530 1931 1748
1052 1286 1206
1148 690 1313
2992 1720 1446
1983 1399 1023
3693 1293 915
6081 1109 742
680 1102 687
5909 1655 1609
2523 1594 1494
2368 1487 1136
1580 138 116
2564 73 1807
3356 1791 1281
1896 1135 994
5495 1043 652
3503 798 877
3665 748 952
1555 554 1323
708 942 1059
1065 1970 1835
5312 1509 1463
3680 1123 1224
4811 926 697
5282 1654 1635
1282 1423 1484
5773 1283 764
2376 987 1004
2349 437 199
2960 214 1738
5408 37 1908
6024 1283 1328
1679 1475 744
2414 896 1111
5849 1437 1515
4202 877 710
4519 758 1226
4275 1916 1491
5415 1716 1131
3512 1341 1038
5698 197 1684
2737 1072 1028
2009 674 1102
653 552 236
320 1331 1268
5492 949 575
5621 428 175
5452 392 1943
3781 302 269
2893 465 1916
2729 737 939
3518 1229 992
5249 1893 1443
4927 1631 570
1608 1145 1348
3681 686 988
5730 282 1918
3404 1768 1857
127 1615 512
5443 148 1939
5927 1644 1761
3670 1383 1082
1649 359 1788
1056 259 1911
660 1737 1477
4053 1260 741
3764 965 1277
2812 1667 1274
6198 1420 1545
5688 1192 1223
1382 475 281
5074 108 1850
907 1661 1728
3838 922 1013
2502 1392 1138
3210 411 24
4151 1367 774
4700 396 125
5103 1918 1807
4282 1761 1150
1487 1565 1026
4104 1562 1009
4755 1233 937
940 1226 1355
1434 1193 1140
2983 1138 576
1032 362 154
5703 1166 823
3929 471 1809
1860 1427 689
2041 1104 1096
5502 1877 1743
3130 1765 1362
4908 823 1213
1795 1723 1568
2337 1603 1150
3553 1373 1360
3357 1336 905
6182 1246 779
4129 1706 1520
3142 1169 592
407 353 1700
5511 989 767
3449 655 1151
1490 1556 642
2594 1762 1438
6204 724 1064
4429 488 1893
2328 1418 548
6112 1496 1400
2780 1436 922
2436 1181 628
3474 1763 1814
5570 1666 1370
110 1599 428
4652 1341 1419
3327 956 1172
2077 461 122
5573 1746 1173
139 1593 469
3832 1762 1625
5655 1552 1306
5199 1035 1149
4340 997 1128
2026 320 42
379 1890 1619
6041 1568 1520
3384 796 1311
5783 487 63
2557 1310 812
3432 860 919
3886 386 383
2655 314 1783
1605 923 787
1283 1712 1422
4038 659 1080
3110 580 1318
2775 546 1350
176 431 1757
4483 1014 569
6052 290 1886
2720 1859 1772
4155 1710 566
533 1783 1659
2295 1778 1396
4229 1537 1135
2406 1206 774
4934 1033 1255
4694 1677 1737
6225 1326 788
346 788 854
2234 457 79
2128 404 167
3932 298 47
588 1731 271
1817 154 1789
4968 1820 1401
4979 1554 592
5605 1531 1182
3769 1072 672
3724 352 47
3057 212 1910
2293 1716 1766
5960 1599 1617
5998 1310 1234
5631 753 934
62 689 931
6250 409 1971
5549 1424 659
740 481 272
4071 911 924
3301 1022 749
4830 993 663
2911 950 677
5305 166 1805
3306 1633 1351
1615 1541 1134
5256 856 1167
562 815 802
4576 1682 1659
489 1863 1469
324 1456 1445
2192 1570 393
2385 1123 805
33 415 114
5578 1842 1596
5994 1392 1195
5612 1007 646
2065 1971 1489
2988 1471 919
5572 1677 527
2120 79 1914
345 1908 1484
4397 1807 1446
2712 929 812
1106 825 763
4069 668 1161
3289 283 178
702 1165 1094
3074 247 30
4309 1585 1492
1943 654 1002
4214 167 1757
2748 113 1801
4835 1443 1148
4709 701 1056
1047 1478 1068
876 1161 1286
3360 270 145
5607 308 103
5359 1086 1075
5160 1413 838
4172 1924 1502
3164 1768 1884
4883 1436 1125
2671 1373 871
3419 1014 1018
5674 934 760
1196 654 1306
3052 1822 1537
1239 1565 1557
596 1495 814
2596 1379 746
2367 1049 880
2183 286 373
1798 1219 1010
211 1058 714
6030 921 1020
4882 882 694
4513 1701 235
2351 1515 1429
5007 1263 1013
738 317 35
3509 1660 1812
5896 1650 1687
2220 1683 404
157 873 799
282 1767 1152
2497 1028 611
2910 240 1846
4597 1804 1288
3189 485 1846
4022 1202 707
1352 721 919
4357 655 1182
2394 1673 1402
3156 1367 946
2558 1363 1399
126 935 839
6004 809 1108
5214 1832 1809
6008 1200 1282
1287 482 79
2104 214 38
495 1416 1090
3937 227 1884
5178 833 1315
5670 1622 1146
1953 1315 925
2435 620 1343
1594 1770 1344
23 1653 1789
5930 1498 1297
2230 916 1219
1198 1273 1192
5603 1105 923
2914 1080 1100
5635 959 1052
2576 1019 530
2781 1555 430
3559 1460 1495
2969 1072 609
4389 1730 1215
3046 1690 1290
4841 1453 1350
4265 1419 631
1637 1764 1487
371 1781 1213
530 1274 1156
3302 1711 448
1366 1379 1337
5260 879 1243
6057 1912 1614
5848 1721 1737
6138 1807 1579
4687 1679 518
1744 1393 1491
2508 1260 1287
2957 1325 743
2176 1235 830
1875 1893 1583
2884 1742 1268
288 1508 1376
3523 1456 1274
4625 1489 1166
5850 1445 1035
1920 1185 970
5701 970 739
5918 651 1072
1944 847 1197
55 311 1906
5946 1419 737
4939 1083 845
1307 884 984
4756 882 777
2205 519 105
2873 391 1759
3485 1288 1170
4996 1302 740
2016 805 993
2431 1102 768
2666 1058 1006
6006 1514 949
4814 1701 258
3082 1297 877
614 930 1064
1397 1492 1600
2993 210 102
4523 1165 788
5925 483 1794
3909 336 101
4715 294 1692
1946 219 1889
13 117 1843
4529 1558 963
4954 931 951
2283 306 133
2686 317 221
629 348 16
1993 1525 655
759 822 793
5524 1525 423
4627 1391 1034
5565 586 1223
4245 1342 1314
1769 1224 691
3428 1738 1765
5512 1301 909
5238 1554 1131
4116 1432 1289
3635 684 1112
4001 395 1974
4246 199 1813
2442 1696 1735
4004 1530 1704
570 1473 949
3297 1674 1150
1064 65 1791
1701 1885 1804
310 1636 569
1808 1568 1444
3639 1372 734
3785 1054 1278
2054 860 760
2953 357 220
2764 1132 1316
2861 1661 1163
5657 1454 917
3266 1447 561
3407 1358 654
6090 1106 1240
864 1716 1126
3243 468 1871
5153 483 223
2989 1735 1419
884 1501 502
309 709 1259
5653 1769 1538
4278 1520 1664
1108 385 36
3155 213 10
776 753 908
2590 600 1160
129 1570 893
1796 1579 1658
3783 890 1022
2831 1406 851
1271 637 1017
6046 262 166
3158 1906 1447
3947 1760 1745
219 1685 1648
4539 1600 1399
2822 1514 1555
2331 951 1136
4583 1594 1362
3945 256 1841
4119 778 1013
92 1383 1431
5958 1119 864
150 954 658
3799 756 1292
1337 698 1374
5077 1054 919
2416 762 1153
205 612 1290
6158 1835 1494
5885 1522 1270
1460 858 1312
519 875 845
338 835 1017
944 347 1946
4682 1834 1285
356 1779 1184
5421 1236 1027
2540 1106 1164
4011 999 1032
1632 909 1227
3971 854 816
2158 1586 1491
2499 338 190
6036 302 1651
641 1547 494
2134 1322 1247
4790 1144 833
40 735 880
1474 28 1978
3288 1651 523
2514 1178 1109
1691 1479 1021
4601 949 860
930 1598 1630
6015 928 994
397 910 1269
4650 431 1886
2574 1688 319
4090 1230 1076
1324 1025 1167
4453 869 1234
3015 1291 773
1316 83 1874
1107 1336 1004
4181 1189 1307
875 489 1920
1991 418 1920
5484 1537 397
4502 41 1931
694 256 1684
697 1413 724
4059 1089 1117
5092 1850 1924
2267 1773 1346
5399 1509 919
1482 1153 1185
2463 1689 1406
4132 980 838
1713 1600 1041
2274 1102 903
2101 310 248
1942 367 1740
3868 1029 746
5403 929 1233
4684 1761 1769
3520 1562 984
2956 402 178
3684 277 38
5184 217 1938
2271 1529 873
2240 1307 1120
5350 368 187
2006 283 1889
4932 1430 566
2110 971 1152
3064 1604 1254
4106 1535 444
1854 1147 637
2444 689 1237
3119 624 1073
5337 1761 1557
1867 783 862
1498 352 225
1373 362 57
5718 1537 1614
4276 1481 873
577 1445 920
936 590 1338
5218 104 1815
5233 1407 1271
579 1798 1472
3337 1487 1242
2603 1246 1295
1980 1146 994
4352 1105 619
1698 426 164
4666 89 1952
3129 1920 1686
859 1806 1561
5510 990 1214
898 788 960
3999 1908 1557
506 1249 724
1189 772 1243
178 119 1870
3034 1757 1554
6143 1450 1026
1950 1294 1097
4366 474 1766
1520 474 223
1493 210 1880
5121 1388 806
3084 1050 1202
5009 250 190
514 1974 1835
6108 1636 397
1791 1327 1489
5857 1155 774
2823 1948 1561
4460 1646 1193
1343 1591 1315
3257 1561 1186
6096 1479 1482
3845 1874 1626
1080 490 175
1513 325 1681
16 1617 1090
3179 1022 790
2899 1970 1502
57 1838 1718
5126 1832 1402
3732 1413 782
5290 767 768
36 1871 1534
5416 1686 1709
1573 686 1206
5151 1943 1591
3215 1274 1359
2916 1153 681
2417 1129 1211
2119 392 1960
3596 240 152
5163 1700 1192
630 451 1753
3633 1625 1116
1479 783 721
1051 1764 1674
3296 399 102
1230 1741 1698
5053 1685 1553
3578 1317 1051
6137 820 785
1864 1859 1807
6136 826 1280
1503 1258 784
1313 1176 714
4349 1693 1158
4505 1453 830
4382 1347 1314
2623 1190 1047
424 1085 645
2876 682 1074
2051 470 203
5505 1750 480
1336 731 1407
3090 739 1132
3042 456 1836
5003 1382 1302
5383 1009 882
5694 457 1969
1304 1724 1118
2736 1676 1781
3168 1466 912
6064 1433 946
3487 1603 1519
2106 1541 1361
2372 450 109
1380 1563 1392
1216 1494 517
2215 1323 1105
1648 1086 1302
111 1469 1627
1547 784 1156
3605 977 1111
2281 343 222
5687 299 389
1005 1549 1485
1009 1574 355
1110 1525 981
5482 963 652
4250 851 1257
5940 433 1844
1532 239 110
5957 1599 376
3786 1561 1425
1328 1304 1359
3603 595 299
5518 390 1844
1970 146 106
3024 25 1968
5426 1447 824
3095 962 756
2874 356 208
2900 1820 1429
4999 1014 989
20 864 846
2746 495 1842
863 204 104
1088 141 1756
3263 1789 1504
1574 1664 1265
5861 1363 1187
5398 360 258
3748 1402 678
6240 1096 695
5799 808 1362
5898 1412 1113
2107 1023 652
75 33 1920
5197 698 1361
1914 1816 1270
1592 1457 1437
5882 1186 803
671 1005 1236
1931 1643 386
2159 1621 1715
3175 1333 655
5628 1312 830
3533 972 1092
3581 713 1094
5576 1872 1426
333 973 1299
6254 507 1934
3012 1372 1142
3538 470 1703
4238 1362 916
1102 1852 1926
1227 413 82
4130 1679 428
3290 1602 489
4469 443 320
5556 120 1780
5563 1074 1118
551 499 142
3115 1270 984
3863 1267 927
815 817 860
6042 1720 1160
2167 1520 1329
6076 1428 1418
1240 314 1914
3537 1430 1401
5987 1592 1491
93 1615 1161
3410 1247 1238
6184 199 1722
2401 1367 633
1485 719 1343
1113 595 1123
2329 525 1975
4867 1783 1772
2090 1187 912
3318 379 1774
383 1810 1882
6195 833 1193
2374 202 1909
5453 1747 1355
255 1514 494
3469 135 1940
1440 980 692
58 1035 1202
1228 956 1301
5914 1656 1557
5259 1260 889
5602 431 14
4252 1809 1634
3403 1732 1294
2928 609 1274
1828 271 1666
5168 1431 919
4401 317 302
451 1778 1249
3213 1159 608
4087 1473 1234
1175 1097 984
5672 1314 874
1133 958 1192
5049 694 1163
2350 1193 725
4364 257 42
2482 1896 1693
4812 1492 618
3507 711 1431
6043 1553 1544
2201 286 205
5300 832 901
334 827 834
3853 1942 1752
6133 1601 1771
4464 1077 740
1244 1802 1446
1777 1591 1281
2713 1602 454
4703 1181 1218
5536 1099 1152
5039 693 921
2771 1139 1212
3890 55 1945
2862 1621 1074
3974 1433 1504
2673 748 968
3267 184 1697
866 1747 266
5689 1119 692
3506 250 94
2546 1429 869
5686 1386 1406
4507 1540 488
76 1123 980
467 239 1830
6223 914 1213
